{"logTime": "0702/081458", "correlationVector":"Tn9uHD/px/pf+XZmVJ9pZC.23","action":"GetUpdates", "result":"DeleteReceived", "context":{"id":"c552d7d1-2a84-47f8-8303-723eb087e2e2", "isDeleted:":"true", "version":"1707736844402"}}
{"logTime": "0702/081458", "correlationVector":"Tn9uHD/px/pf+XZmVJ9pZC.27","action":"GetUpdates", "result":"DeleteReceived", "context":{"id":"f2b9a518-c6bb-4607-afeb-b3e5323a6b89", "isDeleted:":"true", "version":"1707994493033"}}
{"logTime": "0702/081458", "correlationVector":"Tn9uHD/px/pf+XZmVJ9pZC.28","action":"GetUpdates", "result":"DeleteReceived", "context":{"id":"30d193bc-a1d4-45d9-a7df-92fff37c8543", "isDeleted:":"true", "version":"1707994496811"}}
{"logTime": "0702/081458", "correlationVector":"Tn9uHD/px/pf+XZmVJ9pZC.36","action":"GetUpdates", "result":"DeleteReceived", "context":{"id":"da222e5d-0dbf-4a9d-a66f-a4c86493a341", "isDeleted:":"true", "version":"1708519937043"}}
{"logTime": "0702/081458", "correlationVector":"Tn9uHD/px/pf+XZmVJ9pZC.37","action":"GetUpdates", "result":"DeleteReceived", "context":{"id":"05cc42c4-8292-42c2-8739-9d8047b24a75", "isDeleted:":"true", "version":"1708519957753"}}
{"logTime": "0702/081458", "correlationVector":"Tn9uHD/px/pf+XZmVJ9pZC.42","action":"GetUpdates", "result":"DeleteReceived", "context":{"id":"a0c0b632-f910-40b6-b433-e1ee7ce2d207", "isDeleted:":"true", "version":"1708542586928"}}
{"logTime": "0702/081458", "correlationVector":"Tn9uHD/px/pf+XZmVJ9pZC.48","action":"GetUpdates", "result":"DeleteReceived", "context":{"id":"e863109b-0558-4c48-be19-1eb7d1482efe", "isDeleted:":"true", "version":"1708542662624"}}
{"logTime": "0702/081458", "correlationVector":"Tn9uHD/px/pf+XZmVJ9pZC.49","action":"GetUpdates", "result":"DeleteReceived", "context":{"id":"d4a59cc1-e2ca-4ba0-9757-54b4b654ccba", "isDeleted:":"true", "version":"1708542664826"}}
{"logTime": "0702/081458", "correlationVector":"Tn9uHD/px/pf+XZmVJ9pZC.56","action":"GetUpdates", "result":"DeleteReceived", "context":{"id":"03e188d2-03ff-4a3f-998d-a8f9aec6770d", "isDeleted:":"true", "version":"1708542675294"}}
{"logTime": "0702/081458", "correlationVector":"Tn9uHD/px/pf+XZmVJ9pZC.57","action":"GetUpdates", "result":"DeleteReceived", "context":{"id":"bbadbc98-f05b-4157-90a5-0b19a10600f6", "isDeleted:":"true", "version":"1708542736742"}}
{"logTime": "0702/081458", "correlationVector":"Tn9uHD/px/pf+XZmVJ9pZC.58","action":"GetUpdates", "result":"DeleteReceived", "context":{"id":"36812e5d-f970-45a3-9cf3-28d76f21c51f", "isDeleted:":"true", "version":"1708542738559"}}
{"logTime": "0702/081458", "correlationVector":"Tn9uHD/px/pf+XZmVJ9pZC.59","action":"GetUpdates", "result":"DeleteReceived", "context":{"id":"d7046ec4-b840-47e9-8c47-c1a65cd86cd0", "isDeleted:":"true", "version":"1708542739710"}}
{"logTime": "0702/081458", "correlationVector":"Tn9uHD/px/pf+XZmVJ9pZC.60","action":"GetUpdates", "result":"DeleteReceived", "context":{"id":"4bc6b645-ea6d-4c70-b609-d68f84470355", "isDeleted:":"true", "version":"1708542742810"}}
{"logTime": "0702/081458", "correlationVector":"Tn9uHD/px/pf+XZmVJ9pZC.61","action":"GetUpdates", "result":"DeleteReceived", "context":{"id":"d4e1ee6d-5e5c-41c7-b3d7-650b9de69866", "isDeleted:":"true", "version":"1708542745603"}}
{"logTime": "0702/081458", "correlationVector":"Tn9uHD/px/pf+XZmVJ9pZC.62","action":"GetUpdates", "result":"DeleteReceived", "context":{"id":"cfaae771-3e95-4152-b98b-9e9181056824", "isDeleted:":"true", "version":"1708542746662"}}
{"logTime": "0702/081458", "correlationVector":"Tn9uHD/px/pf+XZmVJ9pZC.63","action":"GetUpdates", "result":"DeleteReceived", "context":{"id":"781e7989-efe5-4442-b619-0d220e4fb557", "isDeleted:":"true", "version":"1708542752298"}}
{"logTime": "0702/081458", "correlationVector":"Tn9uHD/px/pf+XZmVJ9pZC.64","action":"GetUpdates", "result":"DeleteReceived", "context":{"id":"926cf5d6-abb8-45db-8e79-934ed5cd43d7", "isDeleted:":"true", "version":"1708542754959"}}
{"logTime": "0702/081458", "correlationVector":"Tn9uHD/px/pf+XZmVJ9pZC.69","action":"GetUpdates", "result":"DeleteReceived", "context":{"id":"d5ac5cc3-8f9d-4e46-b048-5c054663431c", "isDeleted:":"true", "version":"1708542771688"}}
{"logTime": "0702/081458", "correlationVector":"Tn9uHD/px/pf+XZmVJ9pZC.70","action":"GetUpdates", "result":"DeleteReceived", "context":{"id":"8675af2d-123a-472e-b181-83e213a05010", "isDeleted:":"true", "version":"1708542792373"}}
{"logTime": "0702/081458", "correlationVector":"Tn9uHD/px/pf+XZmVJ9pZC.71","action":"GetUpdates", "result":"DeleteReceived", "context":{"id":"852c30b5-9cb5-4deb-97ff-7229675f0e42", "isDeleted:":"true", "version":"1708542796222"}}
{"logTime": "0702/081458", "correlationVector":"Tn9uHD/px/pf+XZmVJ9pZC.72","action":"GetUpdates", "result":"DeleteReceived", "context":{"id":"53fa9118-08cc-469c-8232-2ab8cbf28c07", "isDeleted:":"true", "version":"1708542798194"}}
{"logTime": "0702/081458", "correlationVector":"Tn9uHD/px/pf+XZmVJ9pZC.73","action":"GetUpdates", "result":"DeleteReceived", "context":{"id":"a22b8fbc-7a09-4590-b5a0-75811007b7bb", "isDeleted:":"true", "version":"1708542802497"}}
{"logTime": "0702/081458", "correlationVector":"Tn9uHD/px/pf+XZmVJ9pZC.74","action":"GetUpdates", "result":"DeleteReceived", "context":{"id":"35d455ab-b3aa-4ee9-9ffe-dbf6b1f41556", "isDeleted:":"true", "version":"1708542805509"}}
{"logTime": "0702/081458", "correlationVector":"Tn9uHD/px/pf+XZmVJ9pZC.75","action":"GetUpdates", "result":"DeleteReceived", "context":{"id":"d23738ca-94fc-4d80-b987-168a44efeeaf", "isDeleted:":"true", "version":"1708542812677"}}
{"logTime": "0702/081458", "correlationVector":"Tn9uHD/px/pf+XZmVJ9pZC.76","action":"GetUpdates", "result":"DeleteReceived", "context":{"id":"f5084770-8c0e-4407-8f44-35476a2cf5ee", "isDeleted:":"true", "version":"1708542812678"}}
{"logTime": "0702/081458", "correlationVector":"Tn9uHD/px/pf+XZmVJ9pZC.77","action":"GetUpdates", "result":"DeleteReceived", "context":{"id":"6eb67e2b-2dbc-455b-b13f-e9bb4b151c9e", "isDeleted:":"true", "version":"1708542816076"}}
{"logTime": "0702/081458", "correlationVector":"Tn9uHD/px/pf+XZmVJ9pZC.83","action":"GetUpdates", "result":"DeleteReceived", "context":{"id":"7b9f2932-d88f-4365-a1e1-d11193fe5723", "isDeleted:":"true", "version":"1708607996990"}}
{"logTime": "0702/081458", "correlationVector":"Tn9uHD/px/pf+XZmVJ9pZC.84","action":"GetUpdates", "result":"DeleteReceived", "context":{"id":"2a7345cf-2fb4-4a5a-80be-401d6adfd0e8", "isDeleted:":"true", "version":"1708608013963"}}
{"logTime": "0702/081458", "correlationVector":"Tn9uHD/px/pf+XZmVJ9pZC.85","action":"GetUpdates", "result":"DeleteReceived", "context":{"id":"cfc96617-7f00-4837-ae5f-f5497281f1e4", "isDeleted:":"true", "version":"1708765085849"}}
{"logTime": "0702/081458", "correlationVector":"Tn9uHD/px/pf+XZmVJ9pZC.86","action":"GetUpdates", "result":"DeleteReceived", "context":{"id":"cd356903-ee83-4e62-b4fb-df41a80b92f3", "isDeleted:":"true", "version":"1708765091443"}}
{"logTime": "0702/081458", "correlationVector":"Tn9uHD/px/pf+XZmVJ9pZC.87","action":"GetUpdates", "result":"DeleteReceived", "context":{"id":"4debfd25-20c5-4cd8-9b94-9ed6f997953a", "isDeleted:":"true", "version":"1710351590227"}}
{"logTime": "0702/081458", "correlationVector":"Tn9uHD/px/pf+XZmVJ9pZC.88","action":"GetUpdates", "result":"DeleteReceived", "context":{"id":"05284834-aa6a-434a-a904-4474990e09c9", "isDeleted:":"true", "version":"1710614249276"}}
{"logTime": "0702/081458", "correlationVector":"Tn9uHD/px/pf+XZmVJ9pZC.89","action":"GetUpdates", "result":"DeleteReceived", "context":{"id":"9d966f19-9616-44ad-ae5d-fe8381d70a17", "isDeleted:":"true", "version":"1710614250785"}}
{"logTime": "0702/081458", "correlationVector":"Tn9uHD/px/pf+XZmVJ9pZC.90","action":"GetUpdates", "result":"DeleteReceived", "context":{"id":"a0381f9d-8de3-4e2b-8303-ba3fd7e4da65", "isDeleted:":"true", "version":"1710614252255"}}
{"logTime": "0702/081458", "correlationVector":"9O1JwSAd/b5/JLq6zv4S6W.3","action":"GetUpdates", "result":"DeleteReceived", "context":{"id":"6a0fd4de-c126-4822-a710-e7b02ff9dc45", "isDeleted:":"true", "version":"1719903378771"}}
{"logTime": "0702/081458", "correlationVector":"9O1JwSAd/b5/JLq6zv4S6W.8","action":"GetUpdates", "result":"DeleteReceived", "context":{"id":"bbdff4cd-c58e-4316-ac83-b425225f6539", "isDeleted:":"true", "version":"1719904159734"}}
{"logTime": "0702/081458", "correlationVector":"9O1JwSAd/b5/JLq6zv4S6W.9","action":"GetUpdates", "result":"DeleteReceived", "context":{"id":"ceb47cc4-c7c8-40cc-b316-6202b7fa089c", "isDeleted:":"true", "version":"1719904235120"}}
{"logTime": "0702/081458", "correlationVector":"bq2lB95N3HHz4KNPbo85VX.3","action":"Commit.Sessions", "result":"Success", "context":{"id":"6e44face-8d3d-4723-baa1-560bb3ca78da", "isDeleted":"true", "size":"0", "version":"1719843943164"}}
{"logTime": "0702/081458", "correlationVector":"bq2lB95N3HHz4KNPbo85VX.2","action":"Commit Response", "result":"Success", "context":Result: Success. cV=bq2lB95N3HHz4KNPbo85VX.0;server=GENERAL02000033;cloudType=Consumer;environment=Prod_WestEurope_x00e;migrationStage=NotStarted}
{"logTime": "0702/081458", "correlationVector":"A/TL/c5zUinlZTCGLlkuFC.1","action":"SyncServerConnectionManagerRequest", "result":"SYNC_SERVER_OK", "context":{"environment":"Prod_WestEurope_x00e", "migrationStage":"NotStarted", "server":"GENERAL01000014"}}
{"logTime": "0702/081459", "correlationVector":"+QVdAZSoYJGWBCkjFfa4ry","action":"Commit Request", "result":"", "context":Item count: 1
Contributing types: Preferences}
{"logTime": "0702/081459", "correlationVector":"+QVdAZSoYJGWBCkjFfa4ry.1","action":"SyncServerConnectionManagerRequest", "result":"SYNC_SERVER_OK", "context":{"environment":"Prod_WestEurope_x00e", "migrationStage":"NotStarted", "server":"GENERAL0100001W"}}
{"logTime": "0702/081459", "correlationVector":"+QVdAZSoYJGWBCkjFfa4ry.2","action":"Commit Response", "result":"Success", "context":Result: Success. cV=+QVdAZSoYJGWBCkjFfa4ry.0;server=GENERAL0100001W;cloudType=Consumer;environment=Prod_WestEurope_x00e;migrationStage=NotStarted}
{"logTime": "0702/081501", "correlationVector":"kw1vrOOVyi6Fjt+uHpqQPF","action":"Commit Request", "result":"", "context":Item count: 2
Contributing types: Preferences, Sessions}
{"logTime": "0702/081502", "correlationVector":"kw1vrOOVyi6Fjt+uHpqQPF.1","action":"SyncServerConnectionManagerRequest", "result":"SYNC_SERVER_OK", "context":{"environment":"Prod_WestEurope_x00e", "migrationStage":"NotStarted", "server":"GENERAL0200002G"}}
{"logTime": "0702/081504", "correlationVector":"JnSfnshDJRvC0HdXXjYb7G","action":"Commit Request", "result":"", "context":Item count: 1
Contributing types: Preferences}
{"logTime": "0702/081505", "correlationVector":"JnSfnshDJRvC0HdXXjYb7G.1","action":"SyncServerConnectionManagerRequest", "result":"SYNC_SERVER_OK", "context":{"environment":"Prod_WestEurope_x00e", "migrationStage":"NotStarted", "server":"GENERAL0100000L"}}
{"logTime": "0702/081505", "correlationVector":"JnSfnshDJRvC0HdXXjYb7G.2","action":"Commit Response", "result":"Success", "context":Result: Success. cV=JnSfnshDJRvC0HdXXjYb7G.0;server=GENERAL0100000L;cloudType=Consumer;environment=Prod_WestEurope_x00e;migrationStage=NotStarted}
{"logTime": "0702/081858", "correlationVector":"14sMLHLZsJvwIuUCsaxXmU","action":"Normal GetUpdate request", "result":"", "context":cV=14sMLHLZsJvwIuUCsaxXmU
Refresh requested types: Bookmarks, Preferences, Passwords, Autofill Profiles, Autofill, Typed URLs, Extensions, Sessions, Extension settings, History Delete Directives, Device Info, User Consents, Send Tab To Self, Web Apps, Collection, Edge E Drop, Edge Hub App Usage, Edge Tab Group, Edge Wallet, Encryption Keys}
{"logTime": "0702/081859", "correlationVector":"14sMLHLZsJvwIuUCsaxXmU.1","action":"SyncServerConnectionManagerRequest", "result":"SYNC_SERVER_OK", "context":{"environment":"Prod_NorthEurope_x00f", "migrationStage":"NotStarted", "server":"GENERAL0100001D"}}
{"logTime": "0702/081859", "correlationVector":"14sMLHLZsJvwIuUCsaxXmU.2","action":"GetUpdates", "result":"DeleteReceived", "context":{"id":"e8c1df6e-003c-45bf-9ae8-859da71893f8", "isDeleted:":"true", "version":"1719908101781"}}
{"logTime": "0702/081859", "correlationVector":"14sMLHLZsJvwIuUCsaxXmU.3","action":"GetUpdates Response", "result":"Success", "context":Received 3 update(s). cV=14sMLHLZsJvwIuUCsaxXmU.0;server=GENERAL0100001D;cloudType=Consumer;environment=Prod_NorthEurope_x00f;migrationStage=NotStarted}
{"logTime": "0702/082054", "correlationVector":"eZ5kw2vgvE+lTBcJ/8DkTK","action":"Commit Request", "result":"", "context":Item count: 1
Contributing types: Sessions}
{"logTime": "0702/082056", "correlationVector":"eZ5kw2vgvE+lTBcJ/8DkTK.1","action":"SyncServerConnectionManagerRequest", "result":"SYNC_SERVER_OK", "context":{"environment":"Prod_WestEurope_x00e", "migrationStage":"NotStarted", "server":"GENERAL02000039"}}
{"logTime": "0702/082056", "correlationVector":"eZ5kw2vgvE+lTBcJ/8DkTK.2","action":"Commit Response", "result":"Success", "context":Result: Success. cV=eZ5kw2vgvE+lTBcJ/8DkTK.0;server=GENERAL02000039;cloudType=Consumer;environment=Prod_WestEurope_x00e;migrationStage=NotStarted}
{"logTime": "0702/082429", "correlationVector":"kmLwHwmaIuDEcueRlfjvxt","action":"Commit Request", "result":"", "context":Item count: 1
Contributing types: Sessions}
{"logTime": "0702/082430", "correlationVector":"kmLwHwmaIuDEcueRlfjvxt.1","action":"SyncServerConnectionManagerRequest", "result":"SYNC_SERVER_OK", "context":{"environment":"Prod_WestEurope_x00e", "migrationStage":"NotStarted", "server":"GENERAL02000005"}}
{"logTime": "0702/082430", "correlationVector":"kmLwHwmaIuDEcueRlfjvxt.2","action":"Commit Response", "result":"Success", "context":Result: Success. cV=kmLwHwmaIuDEcueRlfjvxt.0;server=GENERAL02000005;cloudType=Consumer;environment=Prod_WestEurope_x00e;migrationStage=NotStarted}
{"logTime": "0702/082607", "correlationVector":"fcT0xc2bLtQR1nHOzBnAFB","action":"Commit Request", "result":"", "context":Item count: 1
Contributing types: Sessions}
{"logTime": "0702/082608", "correlationVector":"fcT0xc2bLtQR1nHOzBnAFB.1","action":"SyncServerConnectionManagerRequest", "result":"SYNC_SERVER_OK", "context":{"environment":"Prod_WestEurope_x00e", "migrationStage":"NotStarted", "server":"GENERAL0100000X"}}
{"logTime": "0702/082608", "correlationVector":"fcT0xc2bLtQR1nHOzBnAFB.2","action":"Commit Response", "result":"Success", "context":Result: Success. cV=fcT0xc2bLtQR1nHOzBnAFB.0;server=GENERAL0100000X;cloudType=Consumer;environment=Prod_WestEurope_x00e;migrationStage=NotStarted}
{"logTime": "0702/082642", "correlationVector":"7wQw5WV1d2SLa3DDYk+dbx","action":"Commit Request", "result":"", "context":Item count: 1
Contributing types: Sessions}
{"logTime": "0702/082643", "correlationVector":"7wQw5WV1d2SLa3DDYk+dbx.1","action":"SyncServerConnectionManagerRequest", "result":"SYNC_SERVER_OK", "context":{"environment":"Prod_WestEurope_x00e", "migrationStage":"NotStarted", "server":"GENERAL01000021"}}
{"logTime": "0702/082643", "correlationVector":"7wQw5WV1d2SLa3DDYk+dbx.2","action":"Commit Response", "result":"Success", "context":Result: Success. cV=7wQw5WV1d2SLa3DDYk+dbx.0;server=GENERAL01000021;cloudType=Consumer;environment=Prod_WestEurope_x00e;migrationStage=NotStarted}
{"logTime": "0702/082716", "correlationVector":"lt6rq4HsKQYNBbeNeHDMeI","action":"Commit Request", "result":"", "context":Item count: 1
Contributing types: Sessions}
{"logTime": "0702/082716", "correlationVector":"lt6rq4HsKQYNBbeNeHDMeI.1","action":"SyncServerConnectionManagerRequest", "result":"SYNC_SERVER_OK", "context":{"environment":"Prod_WestEurope_x00e", "migrationStage":"NotStarted", "server":"GENERAL02000039"}}
{"logTime": "0702/082716", "correlationVector":"lt6rq4HsKQYNBbeNeHDMeI.2","action":"Commit Response", "result":"Success", "context":Result: Success. cV=lt6rq4HsKQYNBbeNeHDMeI.0;server=GENERAL02000039;cloudType=Consumer;environment=Prod_WestEurope_x00e;migrationStage=NotStarted}
{"logTime": "0702/083510", "correlationVector":"4b/SWooDjOOAJU4hOh9EMO","action":"Commit Request", "result":"", "context":Item count: 1
Contributing types: Sessions}
{"logTime": "0702/083511", "correlationVector":"4b/SWooDjOOAJU4hOh9EMO.1","action":"SyncServerConnectionManagerRequest", "result":"SYNC_SERVER_OK", "context":{"environment":"Prod_WestEurope_x00e", "migrationStage":"NotStarted", "server":"GENERAL0100001F"}}
{"logTime": "0702/083511", "correlationVector":"4b/SWooDjOOAJU4hOh9EMO.2","action":"Commit Response", "result":"Success", "context":Result: Success. cV=4b/SWooDjOOAJU4hOh9EMO.0;server=GENERAL0100001F;cloudType=Consumer;environment=Prod_WestEurope_x00e;migrationStage=NotStarted}
{"logTime": "0702/083635", "correlationVector":"fgtO86lYbO0GKqBHGITeQt","action":"Commit Request", "result":"", "context":Item count: 1
Contributing types: Sessions}
{"logTime": "0702/083636", "correlationVector":"fgtO86lYbO0GKqBHGITeQt.1","action":"SyncServerConnectionManagerRequest", "result":"SYNC_SERVER_OK", "context":{"environment":"Prod_WestEurope_x00e", "migrationStage":"NotStarted", "server":"GENERAL0100002C"}}
{"logTime": "0702/083636", "correlationVector":"fgtO86lYbO0GKqBHGITeQt.2","action":"Commit Response", "result":"Success", "context":Result: Success. cV=fgtO86lYbO0GKqBHGITeQt.0;server=GENERAL0100002C;cloudType=Consumer;environment=Prod_WestEurope_x00e;migrationStage=NotStarted}
{"logTime": "0702/084156", "correlationVector":"wBHGpzOzWVLA3j1SbDSCJQ","action":"Commit Request", "result":"", "context":Item count: 1
Contributing types: Sessions}
{"logTime": "0702/084157", "correlationVector":"wBHGpzOzWVLA3j1SbDSCJQ.1","action":"SyncServerConnectionManagerRequest", "result":"SYNC_SERVER_OK", "context":{"environment":"Prod_WestEurope_x00e", "migrationStage":"NotStarted", "server":"GENERAL0200003A"}}
{"logTime": "0702/084157", "correlationVector":"wBHGpzOzWVLA3j1SbDSCJQ.2","action":"Commit Response", "result":"Success", "context":Result: Success. cV=wBHGpzOzWVLA3j1SbDSCJQ.0;server=GENERAL0200003A;cloudType=Consumer;environment=Prod_WestEurope_x00e;migrationStage=NotStarted}
{"logTime": "0702/084406", "correlationVector":"RLfZ1reKFQtgvsuhQvHPct","action":"Commit Request", "result":"", "context":Item count: 1
Contributing types: Sessions}
{"logTime": "0702/084407", "correlationVector":"RLfZ1reKFQtgvsuhQvHPct.1","action":"SyncServerConnectionManagerRequest", "result":"SYNC_SERVER_OK", "context":{"environment":"Prod_WestEurope_x00e", "migrationStage":"NotStarted", "server":"GENERAL01000023"}}
{"logTime": "0702/084407", "correlationVector":"RLfZ1reKFQtgvsuhQvHPct.2","action":"Commit Response", "result":"Success", "context":Result: Success. cV=RLfZ1reKFQtgvsuhQvHPct.0;server=GENERAL01000023;cloudType=Consumer;environment=Prod_WestEurope_x00e;migrationStage=NotStarted}
{"logTime": "0703/104811", "correlationVector":"x378CdfifZl8CJQ+Gc7L2f.1","action":"SyncServerConnectionManagerRequest", "result":"SYNC_SERVER_OK", "context":{"environment":"Prod_WestEurope_x00e", "migrationStage":"NotStarted", "server":"GENERAL0100001G"}}
{"logTime": "0703/104815", "correlationVector":"rtwvUH9me3yDn3+CYzvZ2l","action":"SyncServerConnectionManagerRequest", "result":"SYNC_SERVER_OK", "context":{"environment":"", "migrationStage":"", "server":""}}
{"logTime": "0703/104815", "correlationVector":"x378CdfifZl8CJQ+Gc7L2f","action":"Initial GetUpdates", "result":"", "context":Reason: NEW_CLIENT. cV=x378CdfifZl8CJQ+Gc7L2f}
{"logTime": "0703/104815", "correlationVector":"x378CdfifZl8CJQ+Gc7L2f.2","action":"GetUpdates Response", "result":"Success", "context":Received 1 update(s). cV=x378CdfifZl8CJQ+Gc7L2f.0;server=GENERAL0100001G;cloudType=Consumer;environment=Prod_WestEurope_x00e;migrationStage=NotStarted}
{"logTime": "0703/104815", "correlationVector":"F/kY1/j0WoI3FQaGuR3hPF","action":"Initial GetUpdates", "result":"", "context":Reason: NEWLY_SUPPORTED_DATATYPE. cV=F/kY1/j0WoI3FQaGuR3hPF}
{"logTime": "0703/104816", "correlationVector":"F/kY1/j0WoI3FQaGuR3hPF.1","action":"SyncServerConnectionManagerRequest", "result":"SYNC_SERVER_OK", "context":{"environment":"Prod_WestEurope_x00e", "migrationStage":"NotStarted", "server":"GENERAL0100000M"}}
{"logTime": "0703/104816", "correlationVector":"F/kY1/j0WoI3FQaGuR3hPF.2","action":"GetUpdates", "result":"DeleteReceived", "context":{"id":"d9007fa8-0921-4948-a3eb-976151d6a2b1", "isDeleted:":"true", "version":"1689083262961"}}
{"logTime": "0703/104816", "correlationVector":"F/kY1/j0WoI3FQaGuR3hPF.3","action":"GetUpdates", "result":"DeleteReceived", "context":{"id":"ab3de040-50f2-4a78-9983-5e4559b87219", "isDeleted:":"true", "version":"1689083263843"}}
{"logTime": "0703/104816", "correlationVector":"F/kY1/j0WoI3FQaGuR3hPF.4","action":"GetUpdates", "result":"DeleteReceived", "context":{"id":"8a57b8d0-587a-4178-a8bc-f96b79de2860", "isDeleted:":"true", "version":"1689083264660"}}
{"logTime": "0703/104816", "correlationVector":"F/kY1/j0WoI3FQaGuR3hPF.5","action":"GetUpdates", "result":"DeleteReceived", "context":{"id":"5f012530-fb4a-4fc2-8ba8-24f5de3158e5", "isDeleted:":"true", "version":"1689083481141"}}
{"logTime": "0703/104816", "correlationVector":"F/kY1/j0WoI3FQaGuR3hPF.6","action":"GetUpdates", "result":"DeleteReceived", "context":{"id":"37713cf2-49e1-4c6a-b9ea-b3b0cf07ed32", "isDeleted:":"true", "version":"1701436042904"}}
{"logTime": "0703/104816", "correlationVector":"F/kY1/j0WoI3FQaGuR3hPF.7","action":"GetUpdates", "result":"DeleteReceived", "context":{"id":"2a7675cd-355a-473d-b827-9dc841109505", "isDeleted:":"true", "version":"1701439707357"}}
{"logTime": "0703/104816", "correlationVector":"F/kY1/j0WoI3FQaGuR3hPF.8","action":"GetUpdates", "result":"DeleteReceived", "context":{"id":"f818c176-bba6-4350-a38d-092037a7e874", "isDeleted:":"true", "version":"1701439708485"}}
{"logTime": "0703/104816", "correlationVector":"F/kY1/j0WoI3FQaGuR3hPF.9","action":"GetUpdates", "result":"DeleteReceived", "context":{"id":"10923e62-e43b-476b-9d05-4d6b2aa5092b", "isDeleted:":"true", "version":"1705062048440"}}
{"logTime": "0703/104816", "correlationVector":"F/kY1/j0WoI3FQaGuR3hPF.10","action":"GetUpdates", "result":"DeleteReceived", "context":{"id":"dd5e0223-6614-43b3-9fe4-7a8e077c6f60", "isDeleted:":"true", "version":"1705841102678"}}
{"logTime": "0703/104816", "correlationVector":"F/kY1/j0WoI3FQaGuR3hPF.11","action":"GetUpdates", "result":"DeleteReceived", "context":{"id":"3e022c6d-99ca-469a-b52f-c2579288bc2c", "isDeleted:":"true", "version":"1706103953417"}}
{"logTime": "0703/104816", "correlationVector":"F/kY1/j0WoI3FQaGuR3hPF.12","action":"GetUpdates", "result":"DeleteReceived", "context":{"id":"904aa147-c4e9-4dd1-9ee3-050fbc36636a", "isDeleted:":"true", "version":"1706103956831"}}
{"logTime": "0703/104816", "correlationVector":"F/kY1/j0WoI3FQaGuR3hPF.13","action":"GetUpdates", "result":"DeleteReceived", "context":{"id":"eb41ddab-4268-409b-a063-22e5058e7331", "isDeleted:":"true", "version":"1706103957729"}}
{"logTime": "0703/104816", "correlationVector":"F/kY1/j0WoI3FQaGuR3hPF.14","action":"GetUpdates", "result":"DeleteReceived", "context":{"id":"40d63197-29bd-4a64-9886-bfd8f11f8133", "isDeleted:":"true", "version":"1706103958565"}}
{"logTime": "0703/104816", "correlationVector":"F/kY1/j0WoI3FQaGuR3hPF.15","action":"GetUpdates", "result":"DeleteReceived", "context":{"id":"5b0b37d4-03ba-42d9-a5e9-2d9d6ba3a019", "isDeleted:":"true", "version":"1706370223375"}}
{"logTime": "0703/104816", "correlationVector":"F/kY1/j0WoI3FQaGuR3hPF.16","action":"GetUpdates", "result":"DeleteReceived", "context":{"id":"a5aaedb5-3967-4b75-96c1-aee757d68398", "isDeleted:":"true", "version":"1707480637877"}}
{"logTime": "0703/104816", "correlationVector":"F/kY1/j0WoI3FQaGuR3hPF.17","action":"GetUpdates", "result":"DeleteReceived", "context":{"id":"f1c64cac-9668-4e21-b1a1-c52621ae88f1", "isDeleted:":"true", "version":"1707480638822"}}
{"logTime": "0703/104816", "correlationVector":"F/kY1/j0WoI3FQaGuR3hPF.18","action":"GetUpdates", "result":"DeleteReceived", "context":{"id":"f8b58c05-e480-4ca2-8471-ab1c481411c3", "isDeleted:":"true", "version":"1707480641241"}}
{"logTime": "0703/104817", "correlationVector":"F/kY1/j0WoI3FQaGuR3hPF.19","action":"GetUpdates", "result":"DeleteReceived", "context":{"id":"9452e32b-d768-4768-92e5-5dacaf9ac19f", "isDeleted:":"true", "version":"1707480645080"}}
{"logTime": "0703/104817", "correlationVector":"F/kY1/j0WoI3FQaGuR3hPF.20","action":"GetUpdates", "result":"DeleteReceived", "context":{"id":"19f7d35f-e668-42e6-9eb2-2729ad6ff718", "isDeleted:":"true", "version":"1707480741717"}}
{"logTime": "0703/104817", "correlationVector":"F/kY1/j0WoI3FQaGuR3hPF.21","action":"GetUpdates", "result":"DeleteReceived", "context":{"id":"a7d39a1d-e7b5-4025-95de-af52b3dba37f", "isDeleted:":"true", "version":"1707736778458"}}
{"logTime": "0703/104817", "correlationVector":"F/kY1/j0WoI3FQaGuR3hPF.22","action":"GetUpdates", "result":"DeleteReceived", "context":{"id":"5d4a6f84-a7ef-4aab-a888-1519e84aa30c", "isDeleted:":"true", "version":"1707736780463"}}
{"logTime": "0703/104817", "correlationVector":"F/kY1/j0WoI3FQaGuR3hPF.23","action":"GetUpdates", "result":"DeleteReceived", "context":{"id":"c552d7d1-2a84-47f8-8303-723eb087e2e2", "isDeleted:":"true", "version":"1707736844402"}}
{"logTime": "0703/104817", "correlationVector":"F/kY1/j0WoI3FQaGuR3hPF.24","action":"GetUpdates", "result":"DeleteReceived", "context":{"id":"76623510-8d4e-4b92-b7fd-e3d621dcda58", "isDeleted:":"true", "version":"1707914511512"}}
{"logTime": "0703/104817", "correlationVector":"F/kY1/j0WoI3FQaGuR3hPF.25","action":"GetUpdates", "result":"DeleteReceived", "context":{"id":"1fb9f3dd-287e-42f3-9a6f-9637fa0afc14", "isDeleted:":"true", "version":"1707914512432"}}
{"logTime": "0703/104817", "correlationVector":"F/kY1/j0WoI3FQaGuR3hPF.26","action":"GetUpdates", "result":"DeleteReceived", "context":{"id":"a033b54f-cfd1-4391-b9dc-f8272f3bd04d", "isDeleted:":"true", "version":"1707994492108"}}
{"logTime": "0703/104817", "correlationVector":"F/kY1/j0WoI3FQaGuR3hPF.27","action":"GetUpdates", "result":"DeleteReceived", "context":{"id":"f2b9a518-c6bb-4607-afeb-b3e5323a6b89", "isDeleted:":"true", "version":"1707994493033"}}
{"logTime": "0703/104817", "correlationVector":"F/kY1/j0WoI3FQaGuR3hPF.28","action":"GetUpdates", "result":"DeleteReceived", "context":{"id":"30d193bc-a1d4-45d9-a7df-92fff37c8543", "isDeleted:":"true", "version":"1707994496811"}}
{"logTime": "0703/104817", "correlationVector":"F/kY1/j0WoI3FQaGuR3hPF.29","action":"GetUpdates", "result":"DeleteReceived", "context":{"id":"81bb3ecc-5b11-4c3e-b1f2-719d6d46e773", "isDeleted:":"true", "version":"1708515789162"}}
{"logTime": "0703/104817", "correlationVector":"F/kY1/j0WoI3FQaGuR3hPF.30","action":"GetUpdates", "result":"DeleteReceived", "context":{"id":"8cba3c61-77d2-4138-b18a-b3e8c1fd7fd7", "isDeleted:":"true", "version":"1708515790130"}}
{"logTime": "0703/104817", "correlationVector":"F/kY1/j0WoI3FQaGuR3hPF.31","action":"GetUpdates", "result":"DeleteReceived", "context":{"id":"678cc301-c920-4c39-b901-35940c285b51", "isDeleted:":"true", "version":"1708515795393"}}
{"logTime": "0703/104817", "correlationVector":"F/kY1/j0WoI3FQaGuR3hPF.32","action":"GetUpdates", "result":"DeleteReceived", "context":{"id":"1dff1fb8-1b06-4af8-84f6-7f86b9d9e8aa", "isDeleted:":"true", "version":"1708519930432"}}
{"logTime": "0703/104817", "correlationVector":"F/kY1/j0WoI3FQaGuR3hPF.33","action":"GetUpdates", "result":"DeleteReceived", "context":{"id":"54e51845-aff3-484a-b936-35ac2420691f", "isDeleted:":"true", "version":"1708519932254"}}
{"logTime": "0703/104817", "correlationVector":"F/kY1/j0WoI3FQaGuR3hPF.34","action":"GetUpdates", "result":"DeleteReceived", "context":{"id":"aa2c8754-c0c7-4000-924c-114879345a04", "isDeleted:":"true", "version":"1708519933248"}}
{"logTime": "0703/104817", "correlationVector":"F/kY1/j0WoI3FQaGuR3hPF.35","action":"GetUpdates", "result":"DeleteReceived", "context":{"id":"5e56e8e0-f471-4ff9-9a0f-d0c70390538c", "isDeleted:":"true", "version":"1708519935696"}}
{"logTime": "0703/104817", "correlationVector":"F/kY1/j0WoI3FQaGuR3hPF.36","action":"GetUpdates", "result":"DeleteReceived", "context":{"id":"da222e5d-0dbf-4a9d-a66f-a4c86493a341", "isDeleted:":"true", "version":"1708519937043"}}
{"logTime": "0703/104817", "correlationVector":"F/kY1/j0WoI3FQaGuR3hPF.37","action":"GetUpdates", "result":"DeleteReceived", "context":{"id":"05cc42c4-8292-42c2-8739-9d8047b24a75", "isDeleted:":"true", "version":"1708519957753"}}
{"logTime": "0703/104817", "correlationVector":"F/kY1/j0WoI3FQaGuR3hPF.38","action":"GetUpdates", "result":"DeleteReceived", "context":{"id":"5b4dfa92-303e-4ed1-be97-dfa514b051cb", "isDeleted:":"true", "version":"1708542477992"}}
{"logTime": "0703/104817", "correlationVector":"F/kY1/j0WoI3FQaGuR3hPF.39","action":"GetUpdates", "result":"DeleteReceived", "context":{"id":"5aeca19e-7a25-4c18-931e-871a4ffe82ed", "isDeleted:":"true", "version":"1708542482313"}}
{"logTime": "0703/104817", "correlationVector":"F/kY1/j0WoI3FQaGuR3hPF.40","action":"GetUpdates", "result":"DeleteReceived", "context":{"id":"379ea104-11df-4e36-bb31-acde94e6b6aa", "isDeleted:":"true", "version":"1708542577337"}}
{"logTime": "0703/104817", "correlationVector":"F/kY1/j0WoI3FQaGuR3hPF.41","action":"GetUpdates", "result":"DeleteReceived", "context":{"id":"7484b121-f136-486e-bedf-6e88c385e8f5", "isDeleted:":"true", "version":"1708542578410"}}
{"logTime": "0703/104817", "correlationVector":"F/kY1/j0WoI3FQaGuR3hPF.42","action":"GetUpdates", "result":"DeleteReceived", "context":{"id":"a0c0b632-f910-40b6-b433-e1ee7ce2d207", "isDeleted:":"true", "version":"1708542586928"}}
{"logTime": "0703/104817", "correlationVector":"F/kY1/j0WoI3FQaGuR3hPF.43","action":"GetUpdates", "result":"DeleteReceived", "context":{"id":"78fae2a2-aaa1-4530-8428-bb6511fce520", "isDeleted:":"true", "version":"1708542589387"}}
{"logTime": "0703/104817", "correlationVector":"F/kY1/j0WoI3FQaGuR3hPF.44","action":"GetUpdates", "result":"DeleteReceived", "context":{"id":"5e0e521c-42df-4445-b3c9-9286f767e07f", "isDeleted:":"true", "version":"1708542592786"}}
{"logTime": "0703/104817", "correlationVector":"F/kY1/j0WoI3FQaGuR3hPF.45","action":"GetUpdates", "result":"DeleteReceived", "context":{"id":"34606ae3-f2e7-45fd-b147-5baa00267cbc", "isDeleted:":"true", "version":"1708542595919"}}
{"logTime": "0703/104817", "correlationVector":"F/kY1/j0WoI3FQaGuR3hPF.46","action":"GetUpdates", "result":"DeleteReceived", "context":{"id":"f622e674-9e70-4291-a4f8-ca657297a778", "isDeleted:":"true", "version":"1708542597012"}}
{"logTime": "0703/104817", "correlationVector":"F/kY1/j0WoI3FQaGuR3hPF.47","action":"GetUpdates", "result":"DeleteReceived", "context":{"id":"86dba3c8-23b5-4c4e-993d-906da20ca67d", "isDeleted:":"true", "version":"1708542647620"}}
{"logTime": "0703/104817", "correlationVector":"F/kY1/j0WoI3FQaGuR3hPF.48","action":"GetUpdates", "result":"DeleteReceived", "context":{"id":"e863109b-0558-4c48-be19-1eb7d1482efe", "isDeleted:":"true", "version":"1708542662624"}}
{"logTime": "0703/104817", "correlationVector":"F/kY1/j0WoI3FQaGuR3hPF.49","action":"GetUpdates", "result":"DeleteReceived", "context":{"id":"d4a59cc1-e2ca-4ba0-9757-54b4b654ccba", "isDeleted:":"true", "version":"1708542664826"}}
{"logTime": "0703/104817", "correlationVector":"F/kY1/j0WoI3FQaGuR3hPF.50","action":"GetUpdates", "result":"DeleteReceived", "context":{"id":"d9e69bad-1007-4781-af9c-5362a656cdae", "isDeleted:":"true", "version":"1708542666211"}}
{"logTime": "0703/104817", "correlationVector":"F/kY1/j0WoI3FQaGuR3hPF.51","action":"GetUpdates", "result":"DeleteReceived", "context":{"id":"4cfec9d4-5c4b-47c4-88fc-60189e7248ef", "isDeleted:":"true", "version":"1708542667317"}}
{"logTime": "0703/104817", "correlationVector":"F/kY1/j0WoI3FQaGuR3hPF.52","action":"GetUpdates", "result":"DeleteReceived", "context":{"id":"5b99073d-3600-4728-824d-a8221237cb61", "isDeleted:":"true", "version":"1708542669769"}}
{"logTime": "0703/104817", "correlationVector":"F/kY1/j0WoI3FQaGuR3hPF.53","action":"GetUpdates", "result":"DeleteReceived", "context":{"id":"1b68ded7-dd18-4d9d-a85b-366182b8f7f3", "isDeleted:":"true", "version":"1708542672010"}}
{"logTime": "0703/104817", "correlationVector":"F/kY1/j0WoI3FQaGuR3hPF.54","action":"GetUpdates", "result":"DeleteReceived", "context":{"id":"c855fdf5-69db-4f84-bbdf-78461bb9d4f5", "isDeleted:":"true", "version":"1708542672011"}}
{"logTime": "0703/104817", "correlationVector":"F/kY1/j0WoI3FQaGuR3hPF.55","action":"GetUpdates", "result":"DeleteReceived", "context":{"id":"e5e724a2-13ce-4e09-8ca5-8c8347b0cba0", "isDeleted:":"true", "version":"1708542674283"}}
{"logTime": "0703/104817", "correlationVector":"F/kY1/j0WoI3FQaGuR3hPF.56","action":"GetUpdates", "result":"DeleteReceived", "context":{"id":"03e188d2-03ff-4a3f-998d-a8f9aec6770d", "isDeleted:":"true", "version":"1708542675294"}}
{"logTime": "0703/104817", "correlationVector":"F/kY1/j0WoI3FQaGuR3hPF.57","action":"GetUpdates", "result":"DeleteReceived", "context":{"id":"bbadbc98-f05b-4157-90a5-0b19a10600f6", "isDeleted:":"true", "version":"1708542736742"}}
{"logTime": "0703/104817", "correlationVector":"F/kY1/j0WoI3FQaGuR3hPF.58","action":"GetUpdates", "result":"DeleteReceived", "context":{"id":"36812e5d-f970-45a3-9cf3-28d76f21c51f", "isDeleted:":"true", "version":"1708542738559"}}
{"logTime": "0703/104817", "correlationVector":"F/kY1/j0WoI3FQaGuR3hPF.59","action":"GetUpdates", "result":"DeleteReceived", "context":{"id":"d7046ec4-b840-47e9-8c47-c1a65cd86cd0", "isDeleted:":"true", "version":"1708542739710"}}
{"logTime": "0703/104817", "correlationVector":"F/kY1/j0WoI3FQaGuR3hPF.60","action":"GetUpdates", "result":"DeleteReceived", "context":{"id":"4bc6b645-ea6d-4c70-b609-d68f84470355", "isDeleted:":"true", "version":"1708542742810"}}
{"logTime": "0703/104817", "correlationVector":"F/kY1/j0WoI3FQaGuR3hPF.61","action":"GetUpdates", "result":"DeleteReceived", "context":{"id":"d4e1ee6d-5e5c-41c7-b3d7-650b9de69866", "isDeleted:":"true", "version":"1708542745603"}}
{"logTime": "0703/104817", "correlationVector":"F/kY1/j0WoI3FQaGuR3hPF.62","action":"GetUpdates", "result":"DeleteReceived", "context":{"id":"cfaae771-3e95-4152-b98b-9e9181056824", "isDeleted:":"true", "version":"1708542746662"}}
{"logTime": "0703/104817", "correlationVector":"F/kY1/j0WoI3FQaGuR3hPF.63","action":"GetUpdates", "result":"DeleteReceived", "context":{"id":"781e7989-efe5-4442-b619-0d220e4fb557", "isDeleted:":"true", "version":"1708542752298"}}
{"logTime": "0703/104817", "correlationVector":"F/kY1/j0WoI3FQaGuR3hPF.64","action":"GetUpdates", "result":"DeleteReceived", "context":{"id":"926cf5d6-abb8-45db-8e79-934ed5cd43d7", "isDeleted:":"true", "version":"1708542754959"}}
{"logTime": "0703/104817", "correlationVector":"F/kY1/j0WoI3FQaGuR3hPF.65","action":"GetUpdates", "result":"DeleteReceived", "context":{"id":"a23a04d0-1013-4003-9edb-3428e7b71e44", "isDeleted:":"true", "version":"1708542756034"}}
{"logTime": "0703/104817", "correlationVector":"F/kY1/j0WoI3FQaGuR3hPF.66","action":"GetUpdates", "result":"DeleteReceived", "context":{"id":"f9ce09f8-6d9f-4aae-bb0b-eeb175609bad", "isDeleted:":"true", "version":"1708542763687"}}
{"logTime": "0703/104817", "correlationVector":"F/kY1/j0WoI3FQaGuR3hPF.67","action":"GetUpdates", "result":"DeleteReceived", "context":{"id":"e37663d9-7f16-4c02-bcdd-0a52b44fd39b", "isDeleted:":"true", "version":"1708542765846"}}
{"logTime": "0703/104817", "correlationVector":"F/kY1/j0WoI3FQaGuR3hPF.68","action":"GetUpdates", "result":"DeleteReceived", "context":{"id":"198908ba-f888-4e72-af67-aa9b82bc7c48", "isDeleted:":"true", "version":"1708542769497"}}
{"logTime": "0703/104817", "correlationVector":"F/kY1/j0WoI3FQaGuR3hPF.69","action":"GetUpdates", "result":"DeleteReceived", "context":{"id":"d5ac5cc3-8f9d-4e46-b048-5c054663431c", "isDeleted:":"true", "version":"1708542771688"}}
{"logTime": "0703/104817", "correlationVector":"F/kY1/j0WoI3FQaGuR3hPF.70","action":"GetUpdates", "result":"DeleteReceived", "context":{"id":"8675af2d-123a-472e-b181-83e213a05010", "isDeleted:":"true", "version":"1708542792373"}}
{"logTime": "0703/104817", "correlationVector":"F/kY1/j0WoI3FQaGuR3hPF.71","action":"GetUpdates", "result":"DeleteReceived", "context":{"id":"852c30b5-9cb5-4deb-97ff-7229675f0e42", "isDeleted:":"true", "version":"1708542796222"}}
{"logTime": "0703/104817", "correlationVector":"F/kY1/j0WoI3FQaGuR3hPF.72","action":"GetUpdates", "result":"DeleteReceived", "context":{"id":"53fa9118-08cc-469c-8232-2ab8cbf28c07", "isDeleted:":"true", "version":"1708542798194"}}
{"logTime": "0703/104817", "correlationVector":"F/kY1/j0WoI3FQaGuR3hPF.73","action":"GetUpdates", "result":"DeleteReceived", "context":{"id":"a22b8fbc-7a09-4590-b5a0-75811007b7bb", "isDeleted:":"true", "version":"1708542802497"}}
{"logTime": "0703/104817", "correlationVector":"F/kY1/j0WoI3FQaGuR3hPF.74","action":"GetUpdates", "result":"DeleteReceived", "context":{"id":"35d455ab-b3aa-4ee9-9ffe-dbf6b1f41556", "isDeleted:":"true", "version":"1708542805509"}}
{"logTime": "0703/104817", "correlationVector":"F/kY1/j0WoI3FQaGuR3hPF.75","action":"GetUpdates", "result":"DeleteReceived", "context":{"id":"d23738ca-94fc-4d80-b987-168a44efeeaf", "isDeleted:":"true", "version":"1708542812677"}}
{"logTime": "0703/104817", "correlationVector":"F/kY1/j0WoI3FQaGuR3hPF.76","action":"GetUpdates", "result":"DeleteReceived", "context":{"id":"f5084770-8c0e-4407-8f44-35476a2cf5ee", "isDeleted:":"true", "version":"1708542812678"}}
{"logTime": "0703/104817", "correlationVector":"F/kY1/j0WoI3FQaGuR3hPF.77","action":"GetUpdates", "result":"DeleteReceived", "context":{"id":"6eb67e2b-2dbc-455b-b13f-e9bb4b151c9e", "isDeleted:":"true", "version":"1708542816076"}}
{"logTime": "0703/104817", "correlationVector":"F/kY1/j0WoI3FQaGuR3hPF.78","action":"GetUpdates", "result":"DeleteReceived", "context":{"id":"90ed87cb-3475-4ffc-b43c-ef4074866e05", "isDeleted:":"true", "version":"1708542819573"}}
{"logTime": "0703/104817", "correlationVector":"F/kY1/j0WoI3FQaGuR3hPF.79","action":"GetUpdates", "result":"DeleteReceived", "context":{"id":"bc370745-73d0-49f3-9ba9-9c1b2617abbb", "isDeleted:":"true", "version":"1708542820995"}}
{"logTime": "0703/104817", "correlationVector":"F/kY1/j0WoI3FQaGuR3hPF.80","action":"GetUpdates", "result":"DeleteReceived", "context":{"id":"0bd2d2e0-7559-43e5-a909-ff42932577fa", "isDeleted:":"true", "version":"1708542823311"}}
{"logTime": "0703/104817", "correlationVector":"F/kY1/j0WoI3FQaGuR3hPF.81","action":"GetUpdates", "result":"DeleteReceived", "context":{"id":"72662da9-2ed2-4581-b813-8dc79aa9628e", "isDeleted:":"true", "version":"1708542827959"}}
{"logTime": "0703/104817", "correlationVector":"F/kY1/j0WoI3FQaGuR3hPF.82","action":"GetUpdates", "result":"DeleteReceived", "context":{"id":"14124e9b-b74e-4359-8efe-e544e11aab8a", "isDeleted:":"true", "version":"1708607982272"}}
{"logTime": "0703/104817", "correlationVector":"F/kY1/j0WoI3FQaGuR3hPF.83","action":"GetUpdates", "result":"DeleteReceived", "context":{"id":"7b9f2932-d88f-4365-a1e1-d11193fe5723", "isDeleted:":"true", "version":"1708607996990"}}
{"logTime": "0703/104817", "correlationVector":"F/kY1/j0WoI3FQaGuR3hPF.84","action":"GetUpdates", "result":"DeleteReceived", "context":{"id":"2a7345cf-2fb4-4a5a-80be-401d6adfd0e8", "isDeleted:":"true", "version":"1708608013963"}}
{"logTime": "0703/104817", "correlationVector":"F/kY1/j0WoI3FQaGuR3hPF.85","action":"GetUpdates", "result":"DeleteReceived", "context":{"id":"cfc96617-7f00-4837-ae5f-f5497281f1e4", "isDeleted:":"true", "version":"1708765085849"}}
{"logTime": "0703/104817", "correlationVector":"F/kY1/j0WoI3FQaGuR3hPF.86","action":"GetUpdates", "result":"DeleteReceived", "context":{"id":"cd356903-ee83-4e62-b4fb-df41a80b92f3", "isDeleted:":"true", "version":"1708765091443"}}
{"logTime": "0703/104817", "correlationVector":"F/kY1/j0WoI3FQaGuR3hPF.87","action":"GetUpdates", "result":"DeleteReceived", "context":{"id":"4debfd25-20c5-4cd8-9b94-9ed6f997953a", "isDeleted:":"true", "version":"1710351590227"}}
{"logTime": "0703/104817", "correlationVector":"F/kY1/j0WoI3FQaGuR3hPF.88","action":"GetUpdates", "result":"DeleteReceived", "context":{"id":"05284834-aa6a-434a-a904-4474990e09c9", "isDeleted:":"true", "version":"1710614249276"}}
{"logTime": "0703/104817", "correlationVector":"F/kY1/j0WoI3FQaGuR3hPF.89","action":"GetUpdates", "result":"DeleteReceived", "context":{"id":"9d966f19-9616-44ad-ae5d-fe8381d70a17", "isDeleted:":"true", "version":"1710614250785"}}
{"logTime": "0703/104817", "correlationVector":"F/kY1/j0WoI3FQaGuR3hPF.90","action":"GetUpdates", "result":"DeleteReceived", "context":{"id":"a0381f9d-8de3-4e2b-8303-ba3fd7e4da65", "isDeleted:":"true", "version":"1710614252255"}}
{"logTime": "0703/104817", "correlationVector":"F/kY1/j0WoI3FQaGuR3hPF.91","action":"GetUpdates", "result":"DeleteReceived", "context":{"id":"49b9b08b-c10c-4fee-beb9-327e945ea127", "isDeleted:":"true", "version":"1710615447351"}}
{"logTime": "0703/104817", "correlationVector":"F/kY1/j0WoI3FQaGuR3hPF.92","action":"GetUpdates", "result":"DeleteReceived", "context":{"id":"b5543d32-836f-4467-936c-fae8ab48668a", "isDeleted:":"true", "version":"1710756733693"}}
{"logTime": "0703/104817", "correlationVector":"F/kY1/j0WoI3FQaGuR3hPF.93","action":"GetUpdates", "result":"DeleteReceived", "context":{"id":"c3673e75-3da5-4e45-ac8f-54f6a5bb3011", "isDeleted:":"true", "version":"1718717038062"}}
{"logTime": "0703/104817", "correlationVector":"F/kY1/j0WoI3FQaGuR3hPF.94","action":"GetUpdates Response", "result":"Success", "context":Received 155 update(s). cV=F/kY1/j0WoI3FQaGuR3hPF.0;server=GENERAL0100000M;cloudType=Consumer;environment=Prod_WestEurope_x00e;migrationStage=NotStarted}
{"logTime": "0703/104817", "correlationVector":"mR6Ue+7THWkfdZ6zaY227I","action":"Normal GetUpdate request", "result":"", "context":cV=mR6Ue+7THWkfdZ6zaY227I
Nudged types: Sessions, Device Info
Refresh requested types: Bookmarks, Preferences, Passwords, Autofill Profiles, Autofill, Typed URLs, Extensions, Sessions, Extension settings, History Delete Directives, Device Info, User Consents, Send Tab To Self, Web Apps, Collection, Edge E Drop, Edge Hub App Usage, Edge Tab Group, Edge Wallet, Encryption Keys}
{"logTime": "0703/104817", "correlationVector":"mR6Ue+7THWkfdZ6zaY227I.1","action":"SyncServerConnectionManagerRequest", "result":"SYNC_SERVER_OK", "context":{"environment":"Prod_WestEurope_x00e", "migrationStage":"NotStarted", "server":"general0100000W"}}
{"logTime": "0703/104817", "correlationVector":"mR6Ue+7THWkfdZ6zaY227I.2","action":"GetUpdates", "result":"DeleteReceived", "context":{"id":"531acf98-a1b9-47a5-8e10-dcabc3fcb675", "isDeleted:":"true", "version":"1719908698367"}}
{"logTime": "0703/104818", "correlationVector":"mR6Ue+7THWkfdZ6zaY227I.3","action":"GetUpdates", "result":"DeleteReceived", "context":{"id":"90ba85ab-70b8-4235-afc9-277a7961681e", "isDeleted:":"true", "version":"1719911483311"}}
{"logTime": "0703/104818", "correlationVector":"mR6Ue+7THWkfdZ6zaY227I.4","action":"GetUpdates", "result":"DeleteReceived", "context":{"id":"8fe6a35a-8c0f-4071-a011-7ac18078808c", "isDeleted:":"true", "version":"1719911483312"}}
{"logTime": "0703/104818", "correlationVector":"mR6Ue+7THWkfdZ6zaY227I.5","action":"GetUpdates", "result":"DeleteReceived", "context":{"id":"775a858f-21ba-4e32-be84-202b873efc44", "isDeleted:":"true", "version":"1719917167184"}}
{"logTime": "0703/104818", "correlationVector":"mR6Ue+7THWkfdZ6zaY227I.6","action":"GetUpdates", "result":"DeleteReceived", "context":{"id":"1fba4440-7719-4d87-be7f-07dede56f00e", "isDeleted:":"true", "version":"1719917167185"}}
{"logTime": "0703/104818", "correlationVector":"mR6Ue+7THWkfdZ6zaY227I.7","action":"GetUpdates", "result":"DeleteReceived", "context":{"id":"b8f76800-ff70-4798-99a0-c00b036abce2", "isDeleted:":"true", "version":"1719917167197"}}
{"logTime": "0703/104818", "correlationVector":"mR6Ue+7THWkfdZ6zaY227I.8","action":"GetUpdates", "result":"DeleteReceived", "context":{"id":"58e26ec9-f56f-473a-83e7-3ec48ed4c66a", "isDeleted:":"true", "version":"1719929151936"}}
{"logTime": "0703/104818", "correlationVector":"mR6Ue+7THWkfdZ6zaY227I.9","action":"GetUpdates", "result":"DeleteReceived", "context":{"id":"b3c58e02-f16d-4fb7-b792-d50be78a4972", "isDeleted:":"true", "version":"1719931623031"}}
{"logTime": "0703/104818", "correlationVector":"mR6Ue+7THWkfdZ6zaY227I.10","action":"GetUpdates", "result":"DeleteReceived", "context":{"id":"847fe7dc-27e3-4843-85bb-f95a76cfe731", "isDeleted:":"true", "version":"1719933510629"}}
{"logTime": "0703/104818", "correlationVector":"mR6Ue+7THWkfdZ6zaY227I.11","action":"GetUpdates", "result":"DeleteReceived", "context":{"id":"479ce0d6-d7c7-4a3f-b787-13a458b8fe5d", "isDeleted:":"true", "version":"1719934026878"}}
{"logTime": "0703/104818", "correlationVector":"mR6Ue+7THWkfdZ6zaY227I.12","action":"GetUpdates", "result":"DeleteReceived", "context":{"id":"c5d4a568-ebc1-46cd-9673-6b76c2ef15e1", "isDeleted:":"true", "version":"1719934026879"}}
{"logTime": "0703/104818", "correlationVector":"mR6Ue+7THWkfdZ6zaY227I.13","action":"GetUpdates", "result":"DeleteReceived", "context":{"id":"6babb5e2-fe7c-4771-aab8-205040e4b11f", "isDeleted:":"true", "version":"1720003155747"}}
{"logTime": "0703/104818", "correlationVector":"mR6Ue+7THWkfdZ6zaY227I.14","action":"GetUpdates", "result":"DeleteReceived", "context":{"id":"e86311d3-9470-4921-aacf-ec3f55c44817", "isDeleted:":"true", "version":"1720003224186"}}
{"logTime": "0703/104818", "correlationVector":"mR6Ue+7THWkfdZ6zaY227I.15","action":"GetUpdates", "result":"DeleteReceived", "context":{"id":"144f9a64-4c51-4127-bf21-217356abb3c3", "isDeleted:":"true", "version":"1720003611382"}}
{"logTime": "0703/104818", "correlationVector":"mR6Ue+7THWkfdZ6zaY227I.16","action":"GetUpdates Response", "result":"Success", "context":Received 48 update(s). cV=mR6Ue+7THWkfdZ6zaY227I.0;server=general0100000W;cloudType=Consumer;environment=Prod_WestEurope_x00e;migrationStage=NotStarted}
{"logTime": "0703/104818", "correlationVector":"eoCPEwICrVI+1IUm6oFBhG","action":"DoCompareDataConsistency requsted types: ", "result":"Bookmarks, Preferences, Passwords, Typed URLs, Extensions, Extension settings, History Delete Directives, Send Tab To Self, Web Apps, Collection, Edge E Drop, Edge Tab Group, Edge Wallet, Encryption Keys"}
{"logTime": "0703/104818", "correlationVector":"eoCPEwICrVI+1IUm6oFBhG.0","action":"CompareDataConsistency result: ", "result":"Compare result: Encryption Keys is consistent. local entities count is: 1 local entities hash is: q4ZarI1NWIbuXLdgKOkve0cUjPo="}
{"logTime": "0703/104818", "correlationVector":"eoCPEwICrVI+1IUm6oFBhG.1","action":"CompareDataConsistency result: ", "result":"Compare result: Bookmarks is consistent. local entities count is: 5 local entities hash is: GR2otzk5DE0I4DpyPOQQg9u9A3U="}
{"logTime": "0703/104818", "correlationVector":"eoCPEwICrVI+1IUm6oFBhG.2","action":"CompareDataConsistency result: ", "result":"Compare result: Preferences is consistent. local entities count is: 71 local entities hash is: SipJDLI62Jf5VaIwn9I0hJITzgc="}
{"logTime": "0703/104818", "correlationVector":"eoCPEwICrVI+1IUm6oFBhG.3","action":"CompareDataConsistency result: ", "result":"Server did not send this Typed URLs local entities count is: 66 local entities hash is: pG+DHF0aZDuCDcw6bAhef0MGXbE="}
{"logTime": "0703/104818", "correlationVector":"eoCPEwICrVI+1IUm6oFBhG.4","action":"CompareDataConsistency result: ", "result":"Compare result: Extensions is consistent. local entities count is: 5 local entities hash is: 0AtL+f5kn+3EEdvwwGEy9ckF1Rg="}
{"logTime": "0703/104818", "correlationVector":"eoCPEwICrVI+1IUm6oFBhG.5","action":"CompareDataConsistency result: ", "result":"Compare result: Extension settings is consistent. local entities count is: 24 local entities hash is: 7yITSDwJbuFqowdGkHL29ftRI5M="}
{"logTime": "0703/104818", "correlationVector":"eoCPEwICrVI+1IUm6oFBhG.6","action":"CompareDataConsistency result: ", "result":"Compare result: History Delete Directives is inconsistent. server entities count is: 1 server entities hash is: vh/dRd8weDSQaKsMnGGjWYYkaws= local entities count is: 0 local entities hash is: "}
{"logTime": "0703/104818", "correlationVector":"eoCPEwICrVI+1IUm6oFBhG.7","action":"CompareDataConsistency result: ", "result":"Server did not send this Send Tab To Self local entities count is: 0 local entities hash is: "}
{"logTime": "0703/104818", "correlationVector":"eoCPEwICrVI+1IUm6oFBhG.8","action":"CompareDataConsistency result: ", "result":"Compare result: Web Apps is consistent. local entities count is: 1 local entities hash is: 0YhqhwqAdwsTiShaja+XESpP5MQ="}
{"logTime": "0703/104818", "correlationVector":"eoCPEwICrVI+1IUm6oFBhG.9","action":"CompareDataConsistency result: ", "result":"Compare result: Collection is consistent. local entities count is: 0 local entities hash is: "}
{"logTime": "0703/104818", "correlationVector":"eoCPEwICrVI+1IUm6oFBhG.10","action":"CompareDataConsistency result: ", "result":"Compare result: Edge E Drop is consistent. local entities count is: 0 local entities hash is: "}
{"logTime": "0703/104818", "correlationVector":"eoCPEwICrVI+1IUm6oFBhG.11","action":"CompareDataConsistency result: ", "result":"Compare result: Edge Tab Group is consistent. local entities count is: 0 local entities hash is: "}
{"logTime": "0703/104818", "correlationVector":"eoCPEwICrVI+1IUm6oFBhG.12","action":"CompareDataConsistency result: ", "result":"Compare result: Edge Wallet is consistent. local entities count is: 0 local entities hash is: "}
{"logTime": "0703/104818", "correlationVector":"eoCPEwICrVI+1IUm6oFBhG.13","action":"CompareDataConsistency result: ", "result":"Compare result: Passwords is consistent. local entities count is: 63 local entities hash is: Y3em3vHAyQ1v94zTJ2QQkA0+J0A="}
{"logTime": "0703/104818", "correlationVector":"7GqLx9hvNlidgodvFhpT+L","action":"Poll GetUpdate request", "result":"", "context":cV=7GqLx9hvNlidgodvFhpT+L}
{"logTime": "0703/104818", "correlationVector":"7GqLx9hvNlidgodvFhpT+L.1","action":"SyncServerConnectionManagerRequest", "result":"SYNC_SERVER_OK", "context":{"environment":"Prod_WestEurope_x00e", "migrationStage":"NotStarted", "server":"GENERAL0200002J"}}
{"logTime": "0703/104818", "correlationVector":"7GqLx9hvNlidgodvFhpT+L.2","action":"GetUpdates Response", "result":"Success", "context":Received 0 update(s). cV=7GqLx9hvNlidgodvFhpT+L.0;server=GENERAL0200002J;cloudType=Consumer;environment=Prod_WestEurope_x00e;migrationStage=NotStarted}
{"logTime": "0703/104818", "correlationVector":"","action":"DIAGNOSTIC_REQUEST|v1/diagnosticData/Diagnostic.SendCheckResult()|SUCCESS", "result":""}
{"logTime": "0703/104818", "correlationVector":"","action":"SyncDiagnosticRequest::ProcessDiagnosticResponse", "result":"DIAGNOSTIC_REQUEST|v1/diagnosticData/Diagnostic.SendCheckResult()|SUCCESS"}
{"logTime": "0703/121647", "correlationVector":"RH4j99zxxQHRNaxOHzikEv.1","action":"SyncServerConnectionManagerRequest", "result":"SYNC_SERVER_OK", "context":{"environment":"Prod_NorthEurope_000h", "migrationStage":"NotStarted", "server":"GENERAL0100002J"}}
{"logTime": "0703/121652", "correlationVector":"h6TXOZFTU3DUD8eKq7BomY","action":"SyncServerConnectionManagerRequest", "result":"SYNC_SERVER_OK", "context":{"environment":"", "migrationStage":"", "server":""}}
{"logTime": "0703/121652", "correlationVector":"RH4j99zxxQHRNaxOHzikEv","action":"Initial GetUpdates", "result":"", "context":Reason: NEW_CLIENT. cV=RH4j99zxxQHRNaxOHzikEv}
{"logTime": "0703/121652", "correlationVector":"RH4j99zxxQHRNaxOHzikEv.2","action":"GetUpdates Response", "result":"Success", "context":Received 1 update(s). cV=RH4j99zxxQHRNaxOHzikEv.0;server=GENERAL0100002J;cloudType=Consumer;environment=Prod_NorthEurope_000h;migrationStage=NotStarted}
{"logTime": "0703/121652", "correlationVector":"BhKMdl9mToB/PzS4fKMdPH","action":"Initial GetUpdates", "result":"", "context":Reason: NEWLY_SUPPORTED_DATATYPE. cV=BhKMdl9mToB/PzS4fKMdPH}
{"logTime": "0703/121652", "correlationVector":"BhKMdl9mToB/PzS4fKMdPH.1","action":"SyncServerConnectionManagerRequest", "result":"SYNC_SERVER_OK", "context":{"environment":"Prod_NorthEurope_000h", "migrationStage":"NotStarted", "server":"GENERAL0100002I"}}
{"logTime": "0703/121652", "correlationVector":"BhKMdl9mToB/PzS4fKMdPH.2","action":"GetUpdates", "result":"DeleteReceived", "context":{"id":"d9007fa8-0921-4948-a3eb-976151d6a2b1", "isDeleted:":"true", "version":"1689083262961"}}
{"logTime": "0703/121652", "correlationVector":"BhKMdl9mToB/PzS4fKMdPH.3","action":"GetUpdates", "result":"DeleteReceived", "context":{"id":"ab3de040-50f2-4a78-9983-5e4559b87219", "isDeleted:":"true", "version":"1689083263843"}}
{"logTime": "0703/121652", "correlationVector":"BhKMdl9mToB/PzS4fKMdPH.4","action":"GetUpdates", "result":"DeleteReceived", "context":{"id":"8a57b8d0-587a-4178-a8bc-f96b79de2860", "isDeleted:":"true", "version":"1689083264660"}}
{"logTime": "0703/121652", "correlationVector":"BhKMdl9mToB/PzS4fKMdPH.5","action":"GetUpdates", "result":"DeleteReceived", "context":{"id":"5f012530-fb4a-4fc2-8ba8-24f5de3158e5", "isDeleted:":"true", "version":"1689083481141"}}
{"logTime": "0703/121652", "correlationVector":"BhKMdl9mToB/PzS4fKMdPH.6","action":"GetUpdates", "result":"DeleteReceived", "context":{"id":"37713cf2-49e1-4c6a-b9ea-b3b0cf07ed32", "isDeleted:":"true", "version":"1701436042904"}}
{"logTime": "0703/121652", "correlationVector":"BhKMdl9mToB/PzS4fKMdPH.7","action":"GetUpdates", "result":"DeleteReceived", "context":{"id":"2a7675cd-355a-473d-b827-9dc841109505", "isDeleted:":"true", "version":"1701439707357"}}
{"logTime": "0703/121652", "correlationVector":"BhKMdl9mToB/PzS4fKMdPH.8","action":"GetUpdates", "result":"DeleteReceived", "context":{"id":"f818c176-bba6-4350-a38d-092037a7e874", "isDeleted:":"true", "version":"1701439708485"}}
{"logTime": "0703/121653", "correlationVector":"BhKMdl9mToB/PzS4fKMdPH.9","action":"GetUpdates", "result":"DeleteReceived", "context":{"id":"10923e62-e43b-476b-9d05-4d6b2aa5092b", "isDeleted:":"true", "version":"1705062048440"}}
{"logTime": "0703/121653", "correlationVector":"BhKMdl9mToB/PzS4fKMdPH.10","action":"GetUpdates", "result":"DeleteReceived", "context":{"id":"dd5e0223-6614-43b3-9fe4-7a8e077c6f60", "isDeleted:":"true", "version":"1705841102678"}}
{"logTime": "0703/121653", "correlationVector":"BhKMdl9mToB/PzS4fKMdPH.11","action":"GetUpdates", "result":"DeleteReceived", "context":{"id":"3e022c6d-99ca-469a-b52f-c2579288bc2c", "isDeleted:":"true", "version":"1706103953417"}}
{"logTime": "0703/121653", "correlationVector":"BhKMdl9mToB/PzS4fKMdPH.12","action":"GetUpdates", "result":"DeleteReceived", "context":{"id":"904aa147-c4e9-4dd1-9ee3-050fbc36636a", "isDeleted:":"true", "version":"1706103956831"}}
{"logTime": "0703/121653", "correlationVector":"BhKMdl9mToB/PzS4fKMdPH.13","action":"GetUpdates", "result":"DeleteReceived", "context":{"id":"eb41ddab-4268-409b-a063-22e5058e7331", "isDeleted:":"true", "version":"1706103957729"}}
{"logTime": "0703/121653", "correlationVector":"BhKMdl9mToB/PzS4fKMdPH.14","action":"GetUpdates", "result":"DeleteReceived", "context":{"id":"40d63197-29bd-4a64-9886-bfd8f11f8133", "isDeleted:":"true", "version":"1706103958565"}}
{"logTime": "0703/121653", "correlationVector":"BhKMdl9mToB/PzS4fKMdPH.15","action":"GetUpdates", "result":"DeleteReceived", "context":{"id":"5b0b37d4-03ba-42d9-a5e9-2d9d6ba3a019", "isDeleted:":"true", "version":"1706370223375"}}
{"logTime": "0703/121653", "correlationVector":"BhKMdl9mToB/PzS4fKMdPH.16","action":"GetUpdates", "result":"DeleteReceived", "context":{"id":"a5aaedb5-3967-4b75-96c1-aee757d68398", "isDeleted:":"true", "version":"1707480637877"}}
{"logTime": "0703/121653", "correlationVector":"BhKMdl9mToB/PzS4fKMdPH.17","action":"GetUpdates", "result":"DeleteReceived", "context":{"id":"f1c64cac-9668-4e21-b1a1-c52621ae88f1", "isDeleted:":"true", "version":"1707480638822"}}
{"logTime": "0703/121653", "correlationVector":"BhKMdl9mToB/PzS4fKMdPH.18","action":"GetUpdates", "result":"DeleteReceived", "context":{"id":"f8b58c05-e480-4ca2-8471-ab1c481411c3", "isDeleted:":"true", "version":"1707480641241"}}
{"logTime": "0703/121653", "correlationVector":"BhKMdl9mToB/PzS4fKMdPH.19","action":"GetUpdates", "result":"DeleteReceived", "context":{"id":"9452e32b-d768-4768-92e5-5dacaf9ac19f", "isDeleted:":"true", "version":"1707480645080"}}
{"logTime": "0703/121653", "correlationVector":"BhKMdl9mToB/PzS4fKMdPH.20","action":"GetUpdates", "result":"DeleteReceived", "context":{"id":"19f7d35f-e668-42e6-9eb2-2729ad6ff718", "isDeleted:":"true", "version":"1707480741717"}}
{"logTime": "0703/121653", "correlationVector":"BhKMdl9mToB/PzS4fKMdPH.21","action":"GetUpdates", "result":"DeleteReceived", "context":{"id":"a7d39a1d-e7b5-4025-95de-af52b3dba37f", "isDeleted:":"true", "version":"1707736778458"}}
{"logTime": "0703/121653", "correlationVector":"BhKMdl9mToB/PzS4fKMdPH.22","action":"GetUpdates", "result":"DeleteReceived", "context":{"id":"5d4a6f84-a7ef-4aab-a888-1519e84aa30c", "isDeleted:":"true", "version":"1707736780463"}}
{"logTime": "0703/121653", "correlationVector":"BhKMdl9mToB/PzS4fKMdPH.23","action":"GetUpdates", "result":"DeleteReceived", "context":{"id":"c552d7d1-2a84-47f8-8303-723eb087e2e2", "isDeleted:":"true", "version":"1707736844402"}}
{"logTime": "0703/121653", "correlationVector":"BhKMdl9mToB/PzS4fKMdPH.24","action":"GetUpdates", "result":"DeleteReceived", "context":{"id":"76623510-8d4e-4b92-b7fd-e3d621dcda58", "isDeleted:":"true", "version":"1707914511512"}}
{"logTime": "0703/121653", "correlationVector":"BhKMdl9mToB/PzS4fKMdPH.25","action":"GetUpdates", "result":"DeleteReceived", "context":{"id":"1fb9f3dd-287e-42f3-9a6f-9637fa0afc14", "isDeleted:":"true", "version":"1707914512432"}}
{"logTime": "0703/121653", "correlationVector":"BhKMdl9mToB/PzS4fKMdPH.26","action":"GetUpdates", "result":"DeleteReceived", "context":{"id":"a033b54f-cfd1-4391-b9dc-f8272f3bd04d", "isDeleted:":"true", "version":"1707994492108"}}
{"logTime": "0703/121653", "correlationVector":"BhKMdl9mToB/PzS4fKMdPH.27","action":"GetUpdates", "result":"DeleteReceived", "context":{"id":"f2b9a518-c6bb-4607-afeb-b3e5323a6b89", "isDeleted:":"true", "version":"1707994493033"}}
{"logTime": "0703/121653", "correlationVector":"BhKMdl9mToB/PzS4fKMdPH.28","action":"GetUpdates", "result":"DeleteReceived", "context":{"id":"30d193bc-a1d4-45d9-a7df-92fff37c8543", "isDeleted:":"true", "version":"1707994496811"}}
{"logTime": "0703/121653", "correlationVector":"BhKMdl9mToB/PzS4fKMdPH.29","action":"GetUpdates", "result":"DeleteReceived", "context":{"id":"81bb3ecc-5b11-4c3e-b1f2-719d6d46e773", "isDeleted:":"true", "version":"1708515789162"}}
{"logTime": "0703/121653", "correlationVector":"BhKMdl9mToB/PzS4fKMdPH.30","action":"GetUpdates", "result":"DeleteReceived", "context":{"id":"8cba3c61-77d2-4138-b18a-b3e8c1fd7fd7", "isDeleted:":"true", "version":"1708515790130"}}
{"logTime": "0703/121653", "correlationVector":"BhKMdl9mToB/PzS4fKMdPH.31","action":"GetUpdates", "result":"DeleteReceived", "context":{"id":"678cc301-c920-4c39-b901-35940c285b51", "isDeleted:":"true", "version":"1708515795393"}}
{"logTime": "0703/121653", "correlationVector":"BhKMdl9mToB/PzS4fKMdPH.32","action":"GetUpdates", "result":"DeleteReceived", "context":{"id":"1dff1fb8-1b06-4af8-84f6-7f86b9d9e8aa", "isDeleted:":"true", "version":"1708519930432"}}
{"logTime": "0703/121653", "correlationVector":"BhKMdl9mToB/PzS4fKMdPH.33","action":"GetUpdates", "result":"DeleteReceived", "context":{"id":"54e51845-aff3-484a-b936-35ac2420691f", "isDeleted:":"true", "version":"1708519932254"}}
{"logTime": "0703/121653", "correlationVector":"BhKMdl9mToB/PzS4fKMdPH.34","action":"GetUpdates", "result":"DeleteReceived", "context":{"id":"aa2c8754-c0c7-4000-924c-114879345a04", "isDeleted:":"true", "version":"1708519933248"}}
{"logTime": "0703/121653", "correlationVector":"BhKMdl9mToB/PzS4fKMdPH.35","action":"GetUpdates", "result":"DeleteReceived", "context":{"id":"5e56e8e0-f471-4ff9-9a0f-d0c70390538c", "isDeleted:":"true", "version":"1708519935696"}}
{"logTime": "0703/121653", "correlationVector":"BhKMdl9mToB/PzS4fKMdPH.36","action":"GetUpdates", "result":"DeleteReceived", "context":{"id":"da222e5d-0dbf-4a9d-a66f-a4c86493a341", "isDeleted:":"true", "version":"1708519937043"}}
{"logTime": "0703/121653", "correlationVector":"BhKMdl9mToB/PzS4fKMdPH.37","action":"GetUpdates", "result":"DeleteReceived", "context":{"id":"05cc42c4-8292-42c2-8739-9d8047b24a75", "isDeleted:":"true", "version":"1708519957753"}}
{"logTime": "0703/121653", "correlationVector":"BhKMdl9mToB/PzS4fKMdPH.38","action":"GetUpdates", "result":"DeleteReceived", "context":{"id":"5b4dfa92-303e-4ed1-be97-dfa514b051cb", "isDeleted:":"true", "version":"1708542477992"}}
{"logTime": "0703/121653", "correlationVector":"BhKMdl9mToB/PzS4fKMdPH.39","action":"GetUpdates", "result":"DeleteReceived", "context":{"id":"5aeca19e-7a25-4c18-931e-871a4ffe82ed", "isDeleted:":"true", "version":"1708542482313"}}
{"logTime": "0703/121653", "correlationVector":"BhKMdl9mToB/PzS4fKMdPH.40","action":"GetUpdates", "result":"DeleteReceived", "context":{"id":"379ea104-11df-4e36-bb31-acde94e6b6aa", "isDeleted:":"true", "version":"1708542577337"}}
{"logTime": "0703/121653", "correlationVector":"BhKMdl9mToB/PzS4fKMdPH.41","action":"GetUpdates", "result":"DeleteReceived", "context":{"id":"7484b121-f136-486e-bedf-6e88c385e8f5", "isDeleted:":"true", "version":"1708542578410"}}
{"logTime": "0703/121653", "correlationVector":"BhKMdl9mToB/PzS4fKMdPH.42","action":"GetUpdates", "result":"DeleteReceived", "context":{"id":"a0c0b632-f910-40b6-b433-e1ee7ce2d207", "isDeleted:":"true", "version":"1708542586928"}}
{"logTime": "0703/121653", "correlationVector":"BhKMdl9mToB/PzS4fKMdPH.43","action":"GetUpdates", "result":"DeleteReceived", "context":{"id":"78fae2a2-aaa1-4530-8428-bb6511fce520", "isDeleted:":"true", "version":"1708542589387"}}
{"logTime": "0703/121653", "correlationVector":"BhKMdl9mToB/PzS4fKMdPH.44","action":"GetUpdates", "result":"DeleteReceived", "context":{"id":"5e0e521c-42df-4445-b3c9-9286f767e07f", "isDeleted:":"true", "version":"1708542592786"}}
{"logTime": "0703/121653", "correlationVector":"BhKMdl9mToB/PzS4fKMdPH.45","action":"GetUpdates", "result":"DeleteReceived", "context":{"id":"34606ae3-f2e7-45fd-b147-5baa00267cbc", "isDeleted:":"true", "version":"1708542595919"}}
{"logTime": "0703/121653", "correlationVector":"BhKMdl9mToB/PzS4fKMdPH.46","action":"GetUpdates", "result":"DeleteReceived", "context":{"id":"f622e674-9e70-4291-a4f8-ca657297a778", "isDeleted:":"true", "version":"1708542597012"}}
{"logTime": "0703/121653", "correlationVector":"BhKMdl9mToB/PzS4fKMdPH.47","action":"GetUpdates", "result":"DeleteReceived", "context":{"id":"86dba3c8-23b5-4c4e-993d-906da20ca67d", "isDeleted:":"true", "version":"1708542647620"}}
{"logTime": "0703/121653", "correlationVector":"BhKMdl9mToB/PzS4fKMdPH.48","action":"GetUpdates", "result":"DeleteReceived", "context":{"id":"e863109b-0558-4c48-be19-1eb7d1482efe", "isDeleted:":"true", "version":"1708542662624"}}
{"logTime": "0703/121653", "correlationVector":"BhKMdl9mToB/PzS4fKMdPH.49","action":"GetUpdates", "result":"DeleteReceived", "context":{"id":"d4a59cc1-e2ca-4ba0-9757-54b4b654ccba", "isDeleted:":"true", "version":"1708542664826"}}
{"logTime": "0703/121653", "correlationVector":"BhKMdl9mToB/PzS4fKMdPH.50","action":"GetUpdates", "result":"DeleteReceived", "context":{"id":"d9e69bad-1007-4781-af9c-5362a656cdae", "isDeleted:":"true", "version":"1708542666211"}}
{"logTime": "0703/121653", "correlationVector":"BhKMdl9mToB/PzS4fKMdPH.51","action":"GetUpdates", "result":"DeleteReceived", "context":{"id":"4cfec9d4-5c4b-47c4-88fc-60189e7248ef", "isDeleted:":"true", "version":"1708542667317"}}
{"logTime": "0703/121653", "correlationVector":"BhKMdl9mToB/PzS4fKMdPH.52","action":"GetUpdates", "result":"DeleteReceived", "context":{"id":"5b99073d-3600-4728-824d-a8221237cb61", "isDeleted:":"true", "version":"1708542669769"}}
{"logTime": "0703/121653", "correlationVector":"BhKMdl9mToB/PzS4fKMdPH.53","action":"GetUpdates", "result":"DeleteReceived", "context":{"id":"1b68ded7-dd18-4d9d-a85b-366182b8f7f3", "isDeleted:":"true", "version":"1708542672010"}}
{"logTime": "0703/121653", "correlationVector":"BhKMdl9mToB/PzS4fKMdPH.54","action":"GetUpdates", "result":"DeleteReceived", "context":{"id":"c855fdf5-69db-4f84-bbdf-78461bb9d4f5", "isDeleted:":"true", "version":"1708542672011"}}
{"logTime": "0703/121653", "correlationVector":"BhKMdl9mToB/PzS4fKMdPH.55","action":"GetUpdates", "result":"DeleteReceived", "context":{"id":"e5e724a2-13ce-4e09-8ca5-8c8347b0cba0", "isDeleted:":"true", "version":"1708542674283"}}
{"logTime": "0703/121653", "correlationVector":"BhKMdl9mToB/PzS4fKMdPH.56","action":"GetUpdates", "result":"DeleteReceived", "context":{"id":"03e188d2-03ff-4a3f-998d-a8f9aec6770d", "isDeleted:":"true", "version":"1708542675294"}}
{"logTime": "0703/121653", "correlationVector":"BhKMdl9mToB/PzS4fKMdPH.57","action":"GetUpdates", "result":"DeleteReceived", "context":{"id":"bbadbc98-f05b-4157-90a5-0b19a10600f6", "isDeleted:":"true", "version":"1708542736742"}}
{"logTime": "0703/121653", "correlationVector":"BhKMdl9mToB/PzS4fKMdPH.58","action":"GetUpdates", "result":"DeleteReceived", "context":{"id":"36812e5d-f970-45a3-9cf3-28d76f21c51f", "isDeleted:":"true", "version":"1708542738559"}}
{"logTime": "0703/121653", "correlationVector":"BhKMdl9mToB/PzS4fKMdPH.59","action":"GetUpdates", "result":"DeleteReceived", "context":{"id":"d7046ec4-b840-47e9-8c47-c1a65cd86cd0", "isDeleted:":"true", "version":"1708542739710"}}
{"logTime": "0703/121653", "correlationVector":"BhKMdl9mToB/PzS4fKMdPH.60","action":"GetUpdates", "result":"DeleteReceived", "context":{"id":"4bc6b645-ea6d-4c70-b609-d68f84470355", "isDeleted:":"true", "version":"1708542742810"}}
{"logTime": "0703/121653", "correlationVector":"BhKMdl9mToB/PzS4fKMdPH.61","action":"GetUpdates", "result":"DeleteReceived", "context":{"id":"d4e1ee6d-5e5c-41c7-b3d7-650b9de69866", "isDeleted:":"true", "version":"1708542745603"}}
{"logTime": "0703/121653", "correlationVector":"BhKMdl9mToB/PzS4fKMdPH.62","action":"GetUpdates", "result":"DeleteReceived", "context":{"id":"cfaae771-3e95-4152-b98b-9e9181056824", "isDeleted:":"true", "version":"1708542746662"}}
{"logTime": "0703/121653", "correlationVector":"BhKMdl9mToB/PzS4fKMdPH.63","action":"GetUpdates", "result":"DeleteReceived", "context":{"id":"781e7989-efe5-4442-b619-0d220e4fb557", "isDeleted:":"true", "version":"1708542752298"}}
{"logTime": "0703/121653", "correlationVector":"BhKMdl9mToB/PzS4fKMdPH.64","action":"GetUpdates", "result":"DeleteReceived", "context":{"id":"926cf5d6-abb8-45db-8e79-934ed5cd43d7", "isDeleted:":"true", "version":"1708542754959"}}
{"logTime": "0703/121653", "correlationVector":"BhKMdl9mToB/PzS4fKMdPH.65","action":"GetUpdates", "result":"DeleteReceived", "context":{"id":"a23a04d0-1013-4003-9edb-3428e7b71e44", "isDeleted:":"true", "version":"1708542756034"}}
{"logTime": "0703/121653", "correlationVector":"BhKMdl9mToB/PzS4fKMdPH.66","action":"GetUpdates", "result":"DeleteReceived", "context":{"id":"f9ce09f8-6d9f-4aae-bb0b-eeb175609bad", "isDeleted:":"true", "version":"1708542763687"}}
{"logTime": "0703/121653", "correlationVector":"BhKMdl9mToB/PzS4fKMdPH.67","action":"GetUpdates", "result":"DeleteReceived", "context":{"id":"e37663d9-7f16-4c02-bcdd-0a52b44fd39b", "isDeleted:":"true", "version":"1708542765846"}}
{"logTime": "0703/121653", "correlationVector":"BhKMdl9mToB/PzS4fKMdPH.68","action":"GetUpdates", "result":"DeleteReceived", "context":{"id":"198908ba-f888-4e72-af67-aa9b82bc7c48", "isDeleted:":"true", "version":"1708542769497"}}
{"logTime": "0703/121653", "correlationVector":"BhKMdl9mToB/PzS4fKMdPH.69","action":"GetUpdates", "result":"DeleteReceived", "context":{"id":"d5ac5cc3-8f9d-4e46-b048-5c054663431c", "isDeleted:":"true", "version":"1708542771688"}}
{"logTime": "0703/121653", "correlationVector":"BhKMdl9mToB/PzS4fKMdPH.70","action":"GetUpdates", "result":"DeleteReceived", "context":{"id":"8675af2d-123a-472e-b181-83e213a05010", "isDeleted:":"true", "version":"1708542792373"}}
{"logTime": "0703/121653", "correlationVector":"BhKMdl9mToB/PzS4fKMdPH.71","action":"GetUpdates", "result":"DeleteReceived", "context":{"id":"852c30b5-9cb5-4deb-97ff-7229675f0e42", "isDeleted:":"true", "version":"1708542796222"}}
{"logTime": "0703/121653", "correlationVector":"BhKMdl9mToB/PzS4fKMdPH.72","action":"GetUpdates", "result":"DeleteReceived", "context":{"id":"53fa9118-08cc-469c-8232-2ab8cbf28c07", "isDeleted:":"true", "version":"1708542798194"}}
{"logTime": "0703/121653", "correlationVector":"BhKMdl9mToB/PzS4fKMdPH.73","action":"GetUpdates", "result":"DeleteReceived", "context":{"id":"a22b8fbc-7a09-4590-b5a0-75811007b7bb", "isDeleted:":"true", "version":"1708542802497"}}
{"logTime": "0703/121653", "correlationVector":"BhKMdl9mToB/PzS4fKMdPH.74","action":"GetUpdates", "result":"DeleteReceived", "context":{"id":"35d455ab-b3aa-4ee9-9ffe-dbf6b1f41556", "isDeleted:":"true", "version":"1708542805509"}}
{"logTime": "0703/121653", "correlationVector":"BhKMdl9mToB/PzS4fKMdPH.75","action":"GetUpdates", "result":"DeleteReceived", "context":{"id":"d23738ca-94fc-4d80-b987-168a44efeeaf", "isDeleted:":"true", "version":"1708542812677"}}
{"logTime": "0703/121653", "correlationVector":"BhKMdl9mToB/PzS4fKMdPH.76","action":"GetUpdates", "result":"DeleteReceived", "context":{"id":"f5084770-8c0e-4407-8f44-35476a2cf5ee", "isDeleted:":"true", "version":"1708542812678"}}
{"logTime": "0703/121653", "correlationVector":"BhKMdl9mToB/PzS4fKMdPH.77","action":"GetUpdates", "result":"DeleteReceived", "context":{"id":"6eb67e2b-2dbc-455b-b13f-e9bb4b151c9e", "isDeleted:":"true", "version":"1708542816076"}}
{"logTime": "0703/121653", "correlationVector":"BhKMdl9mToB/PzS4fKMdPH.78","action":"GetUpdates", "result":"DeleteReceived", "context":{"id":"90ed87cb-3475-4ffc-b43c-ef4074866e05", "isDeleted:":"true", "version":"1708542819573"}}
{"logTime": "0703/121653", "correlationVector":"BhKMdl9mToB/PzS4fKMdPH.79","action":"GetUpdates", "result":"DeleteReceived", "context":{"id":"bc370745-73d0-49f3-9ba9-9c1b2617abbb", "isDeleted:":"true", "version":"1708542820995"}}
{"logTime": "0703/121653", "correlationVector":"BhKMdl9mToB/PzS4fKMdPH.80","action":"GetUpdates", "result":"DeleteReceived", "context":{"id":"0bd2d2e0-7559-43e5-a909-ff42932577fa", "isDeleted:":"true", "version":"1708542823311"}}
{"logTime": "0703/121653", "correlationVector":"BhKMdl9mToB/PzS4fKMdPH.81","action":"GetUpdates", "result":"DeleteReceived", "context":{"id":"72662da9-2ed2-4581-b813-8dc79aa9628e", "isDeleted:":"true", "version":"1708542827959"}}
{"logTime": "0703/121653", "correlationVector":"BhKMdl9mToB/PzS4fKMdPH.82","action":"GetUpdates", "result":"DeleteReceived", "context":{"id":"14124e9b-b74e-4359-8efe-e544e11aab8a", "isDeleted:":"true", "version":"1708607982272"}}
{"logTime": "0703/121653", "correlationVector":"BhKMdl9mToB/PzS4fKMdPH.83","action":"GetUpdates", "result":"DeleteReceived", "context":{"id":"7b9f2932-d88f-4365-a1e1-d11193fe5723", "isDeleted:":"true", "version":"1708607996990"}}
{"logTime": "0703/121653", "correlationVector":"BhKMdl9mToB/PzS4fKMdPH.84","action":"GetUpdates", "result":"DeleteReceived", "context":{"id":"2a7345cf-2fb4-4a5a-80be-401d6adfd0e8", "isDeleted:":"true", "version":"1708608013963"}}
{"logTime": "0703/121653", "correlationVector":"BhKMdl9mToB/PzS4fKMdPH.85","action":"GetUpdates", "result":"DeleteReceived", "context":{"id":"cfc96617-7f00-4837-ae5f-f5497281f1e4", "isDeleted:":"true", "version":"1708765085849"}}
{"logTime": "0703/121653", "correlationVector":"BhKMdl9mToB/PzS4fKMdPH.86","action":"GetUpdates", "result":"DeleteReceived", "context":{"id":"cd356903-ee83-4e62-b4fb-df41a80b92f3", "isDeleted:":"true", "version":"1708765091443"}}
{"logTime": "0703/121653", "correlationVector":"BhKMdl9mToB/PzS4fKMdPH.87","action":"GetUpdates", "result":"DeleteReceived", "context":{"id":"4debfd25-20c5-4cd8-9b94-9ed6f997953a", "isDeleted:":"true", "version":"1710351590227"}}
{"logTime": "0703/121653", "correlationVector":"BhKMdl9mToB/PzS4fKMdPH.88","action":"GetUpdates", "result":"DeleteReceived", "context":{"id":"05284834-aa6a-434a-a904-4474990e09c9", "isDeleted:":"true", "version":"1710614249276"}}
{"logTime": "0703/121653", "correlationVector":"BhKMdl9mToB/PzS4fKMdPH.89","action":"GetUpdates", "result":"DeleteReceived", "context":{"id":"9d966f19-9616-44ad-ae5d-fe8381d70a17", "isDeleted:":"true", "version":"1710614250785"}}
{"logTime": "0703/121653", "correlationVector":"BhKMdl9mToB/PzS4fKMdPH.90","action":"GetUpdates", "result":"DeleteReceived", "context":{"id":"a0381f9d-8de3-4e2b-8303-ba3fd7e4da65", "isDeleted:":"true", "version":"1710614252255"}}
{"logTime": "0703/121653", "correlationVector":"BhKMdl9mToB/PzS4fKMdPH.91","action":"GetUpdates", "result":"DeleteReceived", "context":{"id":"49b9b08b-c10c-4fee-beb9-327e945ea127", "isDeleted:":"true", "version":"1710615447351"}}
{"logTime": "0703/121653", "correlationVector":"BhKMdl9mToB/PzS4fKMdPH.92","action":"GetUpdates", "result":"DeleteReceived", "context":{"id":"b5543d32-836f-4467-936c-fae8ab48668a", "isDeleted:":"true", "version":"1710756733693"}}
{"logTime": "0703/121653", "correlationVector":"BhKMdl9mToB/PzS4fKMdPH.93","action":"GetUpdates", "result":"DeleteReceived", "context":{"id":"c3673e75-3da5-4e45-ac8f-54f6a5bb3011", "isDeleted:":"true", "version":"1718717038062"}}
{"logTime": "0703/121653", "correlationVector":"BhKMdl9mToB/PzS4fKMdPH.94","action":"GetUpdates Response", "result":"Success", "context":Received 155 update(s). cV=BhKMdl9mToB/PzS4fKMdPH.0;server=GENERAL0100002I;cloudType=Consumer;environment=Prod_NorthEurope_000h;migrationStage=NotStarted}
{"logTime": "0703/121657", "correlationVector":"ttjVj6RJGCw8Tb0YT/SIaX","action":"Normal GetUpdate request", "result":"", "context":cV=ttjVj6RJGCw8Tb0YT/SIaX
Nudged types: Sessions
Refresh requested types: Bookmarks, Preferences, Passwords, Autofill Profiles, Autofill, Typed URLs, Extensions, Sessions, Extension settings, History Delete Directives, Device Info, User Consents, Send Tab To Self, Web Apps, Collection, Edge E Drop, Edge Hub App Usage, Edge Tab Group, Edge Wallet, Encryption Keys}
{"logTime": "0703/121657", "correlationVector":"ttjVj6RJGCw8Tb0YT/SIaX.1","action":"SyncServerConnectionManagerRequest", "result":"SYNC_SERVER_OK", "context":{"environment":"Prod_NorthEurope_000h", "migrationStage":"NotStarted", "server":"GENERAL0100001K"}}
{"logTime": "0703/121657", "correlationVector":"ttjVj6RJGCw8Tb0YT/SIaX.2","action":"GetUpdates", "result":"DeleteReceived", "context":{"id":"27a0d7f8-8d3f-4570-877e-e977b945cd89", "isDeleted:":"true", "version":"1720005204477"}}
{"logTime": "0703/121657", "correlationVector":"ttjVj6RJGCw8Tb0YT/SIaX.3","action":"GetUpdates", "result":"DeleteReceived", "context":{"id":"1481874e-0815-43ee-b91a-98853824f015", "isDeleted:":"true", "version":"1720005458585"}}
{"logTime": "0703/121657", "correlationVector":"ttjVj6RJGCw8Tb0YT/SIaX.4","action":"GetUpdates Response", "result":"Success", "context":Received 25 update(s). cV=ttjVj6RJGCw8Tb0YT/SIaX.0;server=GENERAL0100001K;cloudType=Consumer;environment=Prod_NorthEurope_000h;migrationStage=NotStarted}
{"logTime": "0703/121657", "correlationVector":"YkH2T9dj+rR5rKSSCRClh4","action":"Commit Request", "result":"", "context":Item count: 3
Contributing types: Sessions}
{"logTime": "0703/121657", "correlationVector":"YkH2T9dj+rR5rKSSCRClh4.1","action":"SyncServerConnectionManagerRequest", "result":"SYNC_SERVER_OK", "context":{"environment":"Prod_NorthEurope_000h", "migrationStage":"NotStarted", "server":"GENERAL0100001Y"}}
{"logTime": "0703/121657", "correlationVector":"YkH2T9dj+rR5rKSSCRClh4.2","action":"Commit Response", "result":"Success", "context":Result: Success. cV=YkH2T9dj+rR5rKSSCRClh4.0;server=GENERAL0100001Y;cloudType=Consumer;environment=Prod_NorthEurope_000h;migrationStage=NotStarted}
{"logTime": "0703/121657", "correlationVector":"YkH2T9dj+rR5rKSSCRClh4.3","action":"Commit.Sessions", "result":"Success", "context":{"id":"4464b02d-9efe-4d95-bdda-7c686666ed68", "isDeleted":"true", "size":"0", "version":"1720003611383"}}
{"logTime": "0703/121705", "correlationVector":"QSrQWtHwuLiWMKA4B9mMf7","action":"Normal GetUpdate request", "result":"", "context":cV=QSrQWtHwuLiWMKA4B9mMf7
Nudged types: Sessions
Notified types: Preferences}
{"logTime": "0703/121707", "correlationVector":"QSrQWtHwuLiWMKA4B9mMf7.1","action":"SyncServerConnectionManagerRequest", "result":"SYNC_SERVER_OK", "context":{"environment":"Prod_NorthEurope_000h", "migrationStage":"NotStarted", "server":"GENERAL0100001I"}}
{"logTime": "0703/121707", "correlationVector":"QSrQWtHwuLiWMKA4B9mMf7.2","action":"GetUpdates", "result":"DeleteReceived", "context":{"id":"4464b02d-9efe-4d95-bdda-7c686666ed68", "isDeleted:":"true", "version":"1720009008555"}}
{"logTime": "0703/121707", "correlationVector":"QSrQWtHwuLiWMKA4B9mMf7.3","action":"GetUpdates Response", "result":"Success", "context":Received 8 update(s). cV=QSrQWtHwuLiWMKA4B9mMf7.0;server=GENERAL0100001I;cloudType=Consumer;environment=Prod_NorthEurope_000h;migrationStage=NotStarted}
{"logTime": "0703/121707", "correlationVector":"Bn6YsHDlMhDcinRYsbAFSs","action":"DoCompareDataConsistency requsted types: ", "result":"Bookmarks, Preferences, Passwords, Typed URLs, Extensions, Extension settings, History Delete Directives, Send Tab To Self, Web Apps, Collection, Edge E Drop, Edge Tab Group, Edge Wallet, Encryption Keys"}
{"logTime": "0703/121707", "correlationVector":"Bn6YsHDlMhDcinRYsbAFSs.0","action":"CompareDataConsistency result: ", "result":"Compare result: Encryption Keys is consistent. local entities count is: 1 local entities hash is: q4ZarI1NWIbuXLdgKOkve0cUjPo="}
{"logTime": "0703/121707", "correlationVector":"Bn6YsHDlMhDcinRYsbAFSs.1","action":"CompareDataConsistency result: ", "result":"Compare result: Bookmarks is consistent. local entities count is: 5 local entities hash is: GR2otzk5DE0I4DpyPOQQg9u9A3U="}
{"logTime": "0703/121707", "correlationVector":"Bn6YsHDlMhDcinRYsbAFSs.2","action":"CompareDataConsistency result: ", "result":"Compare result: Preferences is consistent. local entities count is: 72 local entities hash is: nH1E/I5h8/eeg6rDzmCZK3CdzoQ="}
{"logTime": "0703/121707", "correlationVector":"Bn6YsHDlMhDcinRYsbAFSs.3","action":"CompareDataConsistency result: ", "result":"Server did not send this Typed URLs local entities count is: 66 local entities hash is: BAy6BTezz17CXlAKyaNrmz4nO+Q="}
{"logTime": "0703/121707", "correlationVector":"Bn6YsHDlMhDcinRYsbAFSs.4","action":"CompareDataConsistency result: ", "result":"Compare result: Extensions is consistent. local entities count is: 5 local entities hash is: 0AtL+f5kn+3EEdvwwGEy9ckF1Rg="}
{"logTime": "0703/121707", "correlationVector":"Bn6YsHDlMhDcinRYsbAFSs.5","action":"CompareDataConsistency result: ", "result":"Compare result: Extension settings is consistent. local entities count is: 24 local entities hash is: 7yITSDwJbuFqowdGkHL29ftRI5M="}
{"logTime": "0703/121707", "correlationVector":"Bn6YsHDlMhDcinRYsbAFSs.6","action":"CompareDataConsistency result: ", "result":"Compare result: History Delete Directives is inconsistent. server entities count is: 1 server entities hash is: vh/dRd8weDSQaKsMnGGjWYYkaws= local entities count is: 0 local entities hash is: "}
{"logTime": "0703/121707", "correlationVector":"Bn6YsHDlMhDcinRYsbAFSs.7","action":"CompareDataConsistency result: ", "result":"Server did not send this Send Tab To Self local entities count is: 0 local entities hash is: "}
{"logTime": "0703/121707", "correlationVector":"Bn6YsHDlMhDcinRYsbAFSs.8","action":"CompareDataConsistency result: ", "result":"Compare result: Web Apps is consistent. local entities count is: 1 local entities hash is: 0YhqhwqAdwsTiShaja+XESpP5MQ="}
{"logTime": "0703/121707", "correlationVector":"Bn6YsHDlMhDcinRYsbAFSs.9","action":"CompareDataConsistency result: ", "result":"Compare result: Collection is consistent. local entities count is: 0 local entities hash is: "}
{"logTime": "0703/121707", "correlationVector":"Bn6YsHDlMhDcinRYsbAFSs.10","action":"CompareDataConsistency result: ", "result":"Compare result: Edge E Drop is consistent. local entities count is: 0 local entities hash is: "}
{"logTime": "0703/121707", "correlationVector":"Bn6YsHDlMhDcinRYsbAFSs.11","action":"CompareDataConsistency result: ", "result":"Compare result: Edge Tab Group is consistent. local entities count is: 0 local entities hash is: "}
{"logTime": "0703/121707", "correlationVector":"Bn6YsHDlMhDcinRYsbAFSs.12","action":"CompareDataConsistency result: ", "result":"Compare result: Edge Wallet is consistent. local entities count is: 0 local entities hash is: "}
{"logTime": "0703/121707", "correlationVector":"Bn6YsHDlMhDcinRYsbAFSs.13","action":"CompareDataConsistency result: ", "result":"Compare result: Passwords is consistent. local entities count is: 63 local entities hash is: Y3em3vHAyQ1v94zTJ2QQkA0+J0A="}
{"logTime": "0703/121707", "correlationVector":"W67KL+fwvQKSzq9+Zklfjd","action":"Commit Request", "result":"", "context":Item count: 1
Contributing types: Sessions}
{"logTime": "0703/121707", "correlationVector":"W67KL+fwvQKSzq9+Zklfjd.1","action":"SyncServerConnectionManagerRequest", "result":"SYNC_SERVER_OK", "context":{"environment":"Prod_WestEurope_000l", "migrationStage":"NotStarted", "server":"GENERAL0100000V"}}
{"logTime": "0703/121707", "correlationVector":"W67KL+fwvQKSzq9+Zklfjd.2","action":"Commit Response", "result":"Success", "context":Result: Success. cV=W67KL+fwvQKSzq9+Zklfjd.0;server=GENERAL0100000V;cloudType=Consumer;environment=Prod_WestEurope_000l;migrationStage=NotStarted}
{"logTime": "0703/121707", "correlationVector":"","action":"DIAGNOSTIC_REQUEST|v1/diagnosticData/Diagnostic.SendCheckResult()|SUCCESS", "result":""}
{"logTime": "0703/121707", "correlationVector":"","action":"SyncDiagnosticRequest::ProcessDiagnosticResponse", "result":"DIAGNOSTIC_REQUEST|v1/diagnosticData/Diagnostic.SendCheckResult()|SUCCESS"}
{"logTime": "0703/121708", "correlationVector":"GxGaXwYeY73bk0Zy7YX1dp","action":"Normal GetUpdate request", "result":"", "context":cV=GxGaXwYeY73bk0Zy7YX1dp
Nudged types: Sessions
Notified types: Preferences}
{"logTime": "0703/121709", "correlationVector":"GxGaXwYeY73bk0Zy7YX1dp.1","action":"SyncServerConnectionManagerRequest", "result":"SYNC_SERVER_OK", "context":{"environment":"Prod_NorthEurope_000h", "migrationStage":"NotStarted", "server":"GENERAL01000008"}}
{"logTime": "0703/121709", "correlationVector":"GxGaXwYeY73bk0Zy7YX1dp.2","action":"GetUpdates", "result":"DeleteReceived", "context":{"id":"07d63110-4f35-405d-911a-4858fb6b5a1d", "isDeleted:":"true", "version":"1720009028078"}}
{"logTime": "0703/121709", "correlationVector":"GxGaXwYeY73bk0Zy7YX1dp.3","action":"GetUpdates Response", "result":"Success", "context":Received 3 update(s). cV=GxGaXwYeY73bk0Zy7YX1dp.0;server=GENERAL01000008;cloudType=Consumer;environment=Prod_NorthEurope_000h;migrationStage=NotStarted}
{"logTime": "0703/121743", "correlationVector":"v2uIEVcpLz7zGHrzR6Ftet","action":"Commit Request", "result":"", "context":Item count: 1
Contributing types: Sessions}
{"logTime": "0703/121744", "correlationVector":"v2uIEVcpLz7zGHrzR6Ftet.1","action":"SyncServerConnectionManagerRequest", "result":"SYNC_SERVER_OK", "context":{"environment":"Prod_WestEurope_x00e", "migrationStage":"NotStarted", "server":"GENERAL0100000C"}}
{"logTime": "0703/121744", "correlationVector":"v2uIEVcpLz7zGHrzR6Ftet.2","action":"Commit Response", "result":"Success", "context":Result: Success. cV=v2uIEVcpLz7zGHrzR6Ftet.0;server=GENERAL0100000C;cloudType=Consumer;environment=Prod_WestEurope_x00e;migrationStage=NotStarted}
{"logTime": "0703/121822", "correlationVector":"YskJ/oAFnSUjag7UBlY3oy","action":"Commit Request", "result":"", "context":Item count: 1
Contributing types: Sessions}
{"logTime": "0703/121823", "correlationVector":"YskJ/oAFnSUjag7UBlY3oy.1","action":"SyncServerConnectionManagerRequest", "result":"SYNC_SERVER_OK", "context":{"environment":"Prod_WestEurope_x00e", "migrationStage":"NotStarted", "server":"GENERAL0200001U"}}
{"logTime": "0703/121823", "correlationVector":"YskJ/oAFnSUjag7UBlY3oy.2","action":"Commit Response", "result":"Success", "context":Result: Success. cV=YskJ/oAFnSUjag7UBlY3oy.0;server=GENERAL0200001U;cloudType=Consumer;environment=Prod_WestEurope_x00e;migrationStage=NotStarted}
{"logTime": "0703/122000", "correlationVector":"FCPMInGluDfTaMohdOQRyz","action":"Commit Request", "result":"", "context":Item count: 1
Contributing types: Sessions}
{"logTime": "0703/122001", "correlationVector":"FCPMInGluDfTaMohdOQRyz.1","action":"SyncServerConnectionManagerRequest", "result":"SYNC_SERVER_OK", "context":{"environment":"Prod_WestEurope_x00e", "migrationStage":"NotStarted", "server":"GENERAL0100001W"}}
{"logTime": "0703/122001", "correlationVector":"FCPMInGluDfTaMohdOQRyz.2","action":"Commit Response", "result":"Success", "context":Result: Success. cV=FCPMInGluDfTaMohdOQRyz.0;server=GENERAL0100001W;cloudType=Consumer;environment=Prod_WestEurope_x00e;migrationStage=NotStarted}
{"logTime": "0703/122051", "correlationVector":"zPrwLA9ojmubb6EZy0Wi3d","action":"Commit Request", "result":"", "context":Item count: 1
Contributing types: Sessions}
{"logTime": "0703/122052", "correlationVector":"zPrwLA9ojmubb6EZy0Wi3d.1","action":"SyncServerConnectionManagerRequest", "result":"SYNC_SERVER_OK", "context":{"environment":"Prod_NorthEurope_000h", "migrationStage":"NotStarted", "server":"general0100001M"}}
{"logTime": "0703/122052", "correlationVector":"zPrwLA9ojmubb6EZy0Wi3d.2","action":"Commit Response", "result":"Success", "context":Result: Success. cV=zPrwLA9ojmubb6EZy0Wi3d.0;server=general0100001M;cloudType=Consumer;environment=Prod_NorthEurope_000h;migrationStage=NotStarted}
{"logTime": "0703/122126", "correlationVector":"d6ERGOf60izWVRlGS4/hSv","action":"Commit Request", "result":"", "context":Item count: 1
Contributing types: Sessions}
{"logTime": "0703/122128", "correlationVector":"d6ERGOf60izWVRlGS4/hSv.1","action":"SyncServerConnectionManagerRequest", "result":"SYNC_SERVER_OK", "context":{"environment":"Prod_NorthEurope_000h", "migrationStage":"NotStarted", "server":"GENERAL01000006"}}
{"logTime": "0703/122128", "correlationVector":"d6ERGOf60izWVRlGS4/hSv.2","action":"Commit Response", "result":"Success", "context":Result: Success. cV=d6ERGOf60izWVRlGS4/hSv.0;server=GENERAL01000006;cloudType=Consumer;environment=Prod_NorthEurope_000h;migrationStage=NotStarted}
{"logTime": "0703/122141", "correlationVector":"JwhgwE4ZkeWNje1L5ZiJ+K","action":"Normal GetUpdate request", "result":"", "context":cV=JwhgwE4ZkeWNje1L5ZiJ+K
Refresh requested types: Bookmarks, Preferences, Passwords, Autofill Profiles, Autofill, Typed URLs, Extensions, Sessions, Extension settings, History Delete Directives, Device Info, User Consents, Send Tab To Self, Web Apps, Collection, Edge E Drop, Edge Hub App Usage, Edge Tab Group, Edge Wallet, Encryption Keys}
{"logTime": "0703/122141", "correlationVector":"JwhgwE4ZkeWNje1L5ZiJ+K.1","action":"SyncServerConnectionManagerRequest", "result":"SYNC_SERVER_OK", "context":{"environment":"Prod_NorthEurope_000h", "migrationStage":"NotStarted", "server":"GENERAL0100001S"}}
{"logTime": "0703/122141", "correlationVector":"JwhgwE4ZkeWNje1L5ZiJ+K.2","action":"GetUpdates Response", "result":"Success", "context":Received 4 update(s). cV=JwhgwE4ZkeWNje1L5ZiJ+K.0;server=GENERAL0100001S;cloudType=Consumer;environment=Prod_NorthEurope_000h;migrationStage=NotStarted}
{"logTime": "0703/122301", "correlationVector":"fYy/PeiKJnnQvGKGNXmgXe","action":"Commit Request", "result":"", "context":Item count: 1
Contributing types: Typed URLs}
{"logTime": "0703/122302", "correlationVector":"fYy/PeiKJnnQvGKGNXmgXe.1","action":"SyncServerConnectionManagerRequest", "result":"SYNC_SERVER_OK", "context":{"environment":"Prod_WestEurope_x00e", "migrationStage":"NotStarted", "server":"GENERAL0200000J"}}
{"logTime": "0703/122302", "correlationVector":"fYy/PeiKJnnQvGKGNXmgXe.2","action":"Commit Response", "result":"Success", "context":Result: Success. cV=fYy/PeiKJnnQvGKGNXmgXe.0;server=GENERAL0200000J;cloudType=Consumer;environment=Prod_WestEurope_x00e;migrationStage=NotStarted}
{"logTime": "0703/122555", "correlationVector":"0GGCDLHP4mllsvO2lKCNWg","action":"Commit Request", "result":"", "context":Item count: 1
Contributing types: Sessions}
{"logTime": "0703/122556", "correlationVector":"0GGCDLHP4mllsvO2lKCNWg.1","action":"SyncServerConnectionManagerRequest", "result":"SYNC_SERVER_OK", "context":{"environment":"Prod_WestEurope_000l", "migrationStage":"NotStarted", "server":"GENERAL0100000Y"}}
{"logTime": "0703/122556", "correlationVector":"0GGCDLHP4mllsvO2lKCNWg.2","action":"Commit Response", "result":"Success", "context":Result: Success. cV=0GGCDLHP4mllsvO2lKCNWg.0;server=GENERAL0100000Y;cloudType=Consumer;environment=Prod_WestEurope_000l;migrationStage=NotStarted}
{"logTime": "0703/123254", "correlationVector":"MMgUllcl2gDYmkB7YzYVNg","action":"Commit Request", "result":"", "context":Item count: 1
Contributing types: Sessions}
{"logTime": "0703/123256", "correlationVector":"MMgUllcl2gDYmkB7YzYVNg.1","action":"SyncServerConnectionManagerRequest", "result":"SYNC_SERVER_OK", "context":{"environment":"Prod_NorthEurope_000h", "migrationStage":"NotStarted", "server":"GENERAL0100001T"}}
{"logTime": "0703/123256", "correlationVector":"MMgUllcl2gDYmkB7YzYVNg.2","action":"Commit Response", "result":"Success", "context":Result: Success. cV=MMgUllcl2gDYmkB7YzYVNg.0;server=GENERAL0100001T;cloudType=Consumer;environment=Prod_NorthEurope_000h;migrationStage=NotStarted}
{"logTime": "0703/123501", "correlationVector":"JrZgaDrVFJJTkOTW0YpDv/","action":"Commit Request", "result":"", "context":Item count: 1
Contributing types: Sessions}
{"logTime": "0703/123502", "correlationVector":"JrZgaDrVFJJTkOTW0YpDv/.1","action":"SyncServerConnectionManagerRequest", "result":"SYNC_SERVER_OK", "context":{"environment":"Prod_WestEurope_x00e", "migrationStage":"NotStarted", "server":"GENERAL0100000H"}}
{"logTime": "0703/123502", "correlationVector":"JrZgaDrVFJJTkOTW0YpDv/.2","action":"Commit Response", "result":"Success", "context":Result: Success. cV=JrZgaDrVFJJTkOTW0YpDv/.0;server=GENERAL0100000H;cloudType=Consumer;environment=Prod_WestEurope_x00e;migrationStage=NotStarted}
{"logTime": "0703/124321", "correlationVector":"Ki/1b3bvbY9q8H+dZUemLL","action":"Normal GetUpdate request", "result":"", "context":cV=Ki/1b3bvbY9q8H+dZUemLL
Refresh requested types: Bookmarks, Preferences, Passwords, Autofill Profiles, Autofill, Typed URLs, Extensions, Sessions, Extension settings, History Delete Directives, Device Info, User Consents, Send Tab To Self, Web Apps, Collection, Edge E Drop, Edge Hub App Usage, Edge Tab Group, Edge Wallet, Encryption Keys}
{"logTime": "0703/124324", "correlationVector":"Ki/1b3bvbY9q8H+dZUemLL.1","action":"SyncServerConnectionManagerRequest", "result":"SYNC_SERVER_OK", "context":{"environment":"Prod_WestEurope_x00e", "migrationStage":"NotStarted", "server":"GENERAL0100001B"}}
{"logTime": "0703/124324", "correlationVector":"Ki/1b3bvbY9q8H+dZUemLL.2","action":"GetUpdates Response", "result":"Success", "context":Received 5 update(s). cV=Ki/1b3bvbY9q8H+dZUemLL.0;server=GENERAL0100001B;cloudType=Consumer;environment=Prod_WestEurope_x00e;migrationStage=NotStarted}
{"logTime": "0703/124451", "correlationVector":"4ewUmJgA1N4p9elJAGWkn+","action":"Commit Request", "result":"", "context":Item count: 1
Contributing types: Sessions}
{"logTime": "0703/124452", "correlationVector":"4ewUmJgA1N4p9elJAGWkn+.1","action":"SyncServerConnectionManagerRequest", "result":"SYNC_SERVER_OK", "context":{"environment":"Prod_WestEurope_x00e", "migrationStage":"NotStarted", "server":"GENERAL0200000J"}}
{"logTime": "0703/124452", "correlationVector":"4ewUmJgA1N4p9elJAGWkn+.2","action":"Commit Response", "result":"Success", "context":Result: Success. cV=4ewUmJgA1N4p9elJAGWkn+.0;server=GENERAL0200000J;cloudType=Consumer;environment=Prod_WestEurope_x00e;migrationStage=NotStarted}
